12.12.2024, 16:22:02 - INFO - server.js loaded... 
12.12.2024, 16:22:02 - INFO - Server is running on port: 3030 
12.12.2024, 16:22:54 - INFO - server.js loaded... 
12.12.2024, 16:22:54 - INFO - Server listening on port http://127.0.0.1:3030/ 
12.12.2024, 16:22:59 - INFO - Req was made | / 
12.12.2024, 16:23:05 - INFO - Req was made | / 
12.12.2024, 16:25:00 - INFO - server.js loaded... 
12.12.2024, 16:25:00 - INFO - Server listening on port http://127.0.0.1:3030/ 
12.12.2024, 16:25:06 - DEBUG - auth.service - login with username: admin 
12.12.2024, 16:25:06 - ERROR - Failed to Login Error: Invalid username or password 
12.12.2024, 16:25:11 - INFO - Req was made | / 
12.12.2024, 16:25:12 - INFO - Req was made | / 
12.12.2024, 16:25:27 - INFO - Req was made | / 
12.12.2024, 16:28:29 - INFO - server.js loaded... 
12.12.2024, 16:28:29 - INFO - Server listening on port http://127.0.0.1:3030/ 
12.12.2024, 16:40:13 - INFO - server.js loaded... 
12.12.2024, 16:40:13 - INFO - Server listening on port http://127.0.0.1:3030/ 
12.12.2024, 16:40:22 - INFO - Req was made | / 
12.12.2024, 16:40:25 - INFO - Req was made | / 
12.12.2024, 16:41:25 - INFO - Req was made | / 
12.12.2024, 16:44:00 - INFO - server.js loaded... 
12.12.2024, 16:44:00 - INFO - Server listening on port http://127.0.0.1:3030/ 
12.12.2024, 16:44:47 - INFO - Req was made | / 
12.12.2024, 16:44:52 - INFO - Req was made | / 
12.12.2024, 17:16:14 - DEBUG - auth.service - login with username: admin 
12.12.2024, 17:16:14 - ERROR - Failed to Login Error: Invalid username or password 
12.12.2024, 17:16:27 - DEBUG - auth.service - login with username: admin 
12.12.2024, 17:16:27 - ERROR - Failed to Login Error: Invalid username or password 
12.12.2024, 17:17:50 - DEBUG - auth.service - login with username: admin 
12.12.2024, 17:17:50 - ERROR - Failed to Login Error: Invalid username or password 
12.12.2024, 17:19:30 - INFO - Req was made | / 
12.12.2024, 17:19:37 - DEBUG - auth.service - login with username: admin 
12.12.2024, 17:19:37 - ERROR - Failed to Login Error: Invalid username or password 
12.12.2024, 17:19:38 - DEBUG - auth.service - login with username: admin 
12.12.2024, 17:19:38 - ERROR - Failed to Login Error: Invalid username or password 
12.12.2024, 17:19:41 - INFO - Req was made | / 
12.12.2024, 17:21:46 - INFO - server.js loaded... 
12.12.2024, 17:21:46 - INFO - Server listening on port http://127.0.0.1:3030/ 
12.12.2024, 17:21:56 - DEBUG - auth.service - login with username: admin 
12.12.2024, 17:21:56 - ERROR - Failed to Login Error: Invalid username or password 
12.12.2024, 17:25:39 - INFO - server.js loaded... 
12.12.2024, 17:25:39 - INFO - Server listening on port http://127.0.0.1:3030/ 
12.12.2024, 17:25:47 - INFO - server.js loaded... 
12.12.2024, 17:25:47 - INFO - Server listening on port http://127.0.0.1:3030/ 
12.12.2024, 17:26:17 - INFO - server.js loaded... 
12.12.2024, 17:26:17 - INFO - Server listening on port http://127.0.0.1:3030/ 
12.12.2024, 17:33:26 - INFO - Req was made | / 
12.12.2024, 17:33:41 - DEBUG - auth.service - login with username: admin 
12.12.2024, 17:33:41 - ERROR - Failed to Login Error: Invalid username or password 
12.12.2024, 17:33:42 - DEBUG - auth.service - login with username: admin 
12.12.2024, 17:33:42 - ERROR - Failed to Login Error: Invalid username or password 
12.12.2024, 17:34:05 - DEBUG - auth.service - login with username: admin 
12.12.2024, 17:34:05 - ERROR - Failed to Login Error: Invalid username or password 
12.12.2024, 18:04:12 - DEBUG - auth.service - login with username: admin 
12.12.2024, 18:04:12 - ERROR - Failed to Login Error: Invalid username or password 
12.12.2024, 18:04:15 - INFO - Req was made | / 
12.12.2024, 18:04:18 - INFO - Req was made | / 
12.12.2024, 18:05:26 - INFO - server.js loaded... 
12.12.2024, 18:05:26 - INFO - Server listening on port http://127.0.0.1:3030/ 
12.12.2024, 18:05:42 - DEBUG - auth.service - login with username: admin 
12.12.2024, 18:05:42 - ERROR - Failed to Login Error: Invalid username or password 
12.12.2024, 18:07:05 - INFO - server.js loaded... 
12.12.2024, 18:07:05 - INFO - Server listening on port http://127.0.0.1:3030/ 
12.12.2024, 18:07:08 - DEBUG - auth.service - login with username: admin 
12.12.2024, 18:07:08 - ERROR - Failed to Login Error: Invalid username or password 
12.12.2024, 18:07:34 - INFO - server.js loaded... 
12.12.2024, 18:07:34 - INFO - Server listening on port http://127.0.0.1:3030/ 
12.12.2024, 18:07:40 - DEBUG - auth.service - login with username: admin 
12.12.2024, 18:07:40 - ERROR - Failed to Login Error: Invalid username or password 
12.12.2024, 18:08:48 - DEBUG - auth.service - signup with username: admin, fullname: admin admin 
12.12.2024, 18:08:48 - DEBUG - auth.route - new account created: {"username":"admin","password":"$2b$10$RSYDfECsmL0/hSiO.jLH/eZv0ZFV46YEtgcJHabB3hWNyrbbSWNka","fullname":"admin admin","score":0,"_id":"675b0a90e56475eddeabdbff"} 
12.12.2024, 18:08:48 - DEBUG - auth.service - login with username: admin 
12.12.2024, 18:09:13 - INFO - Req was made | / 
12.12.2024, 18:09:13 - INFO - Req was made | / 
12.12.2024, 18:10:45 - INFO - server.js loaded... 
12.12.2024, 18:10:45 - INFO - Server listening on port http://127.0.0.1:3030/ 
12.12.2024, 18:10:46 - INFO - server.js loaded... 
12.12.2024, 18:10:46 - INFO - Server listening on port http://127.0.0.1:3030/ 
12.12.2024, 18:11:38 - INFO - server.js loaded... 
12.12.2024, 18:11:38 - INFO - Server listening on port http://127.0.0.1:3030/ 
12.12.2024, 18:11:50 - DEBUG - auth.service - signup with username: admin, fullname: admin admin 
12.12.2024, 18:11:50 - DEBUG - auth.route - new account created: {"username":"admin","password":"$2b$10$HyIZcFj9jAc3r1.VA.wgGeaJUsVx6WG5U3aYmbnmJ28BwXyVCkgzq","fullname":"admin admin","score":0,"_id":"675b0b46ac3b78a5b453caf1"} 
12.12.2024, 18:11:50 - DEBUG - auth.service - login with username: admin 
12.12.2024, 18:13:20 - INFO - Req was made | / 
12.12.2024, 18:13:20 - INFO - Req was made | / 
12.12.2024, 18:13:27 - INFO - Req was made | / 
12.12.2024, 18:13:27 - INFO - Req was made | / 
12.12.2024, 18:14:01 - INFO - server.js loaded... 
12.12.2024, 18:14:01 - INFO - Server listening on port http://127.0.0.1:3030/ 
12.12.2024, 18:14:18 - INFO - server.js loaded... 
12.12.2024, 18:14:18 - INFO - Server listening on port http://127.0.0.1:3030/ 
12.12.2024, 18:14:27 - INFO - server.js loaded... 
12.12.2024, 18:14:27 - INFO - Server listening on port http://127.0.0.1:3030/ 
12.12.2024, 18:14:42 - INFO - Req was made | / 
12.12.2024, 18:14:43 - INFO - Req was made | / 
12.12.2024, 18:15:39 - INFO - Req was made | / 
12.12.2024, 18:15:39 - INFO - Req was made | / 
12.12.2024, 18:16:21 - INFO - Req was made | / 
12.12.2024, 18:16:22 - INFO - Req was made | / 
12.12.2024, 18:16:27 - INFO - Req was made | / 
12.12.2024, 18:16:30 - INFO - Req was made | / 
12.12.2024, 18:17:19 - INFO - server.js loaded... 
12.12.2024, 18:17:19 - INFO - Server listening on port http://127.0.0.1:3030/ 
12.12.2024, 18:17:30 - INFO - server.js loaded... 
12.12.2024, 18:17:30 - INFO - Server listening on port http://127.0.0.1:3030/ 
12.12.2024, 18:17:37 - INFO - server.js loaded... 
12.12.2024, 18:17:37 - INFO - Server listening on port http://127.0.0.1:3030/ 
12.12.2024, 18:19:03 - INFO - Req was made | / 
12.12.2024, 18:19:09 - INFO - Req was made | / 
12.12.2024, 18:19:17 - INFO - Req was made | / 
12.12.2024, 18:22:27 - INFO - server.js loaded... 
12.12.2024, 18:22:27 - INFO - Server listening on port http://127.0.0.1:3030/ 
12.12.2024, 18:22:37 - INFO - Req was made | / 
12.12.2024, 18:23:09 - INFO - Req was made | / 
12.12.2024, 18:23:19 - INFO - Req was made | / 
12.12.2024, 18:25:19 - INFO - server.js loaded... 
12.12.2024, 18:25:19 - INFO - Server listening on port http://127.0.0.1:3030/ 
12.12.2024, 18:25:21 - INFO - server.js loaded... 
12.12.2024, 18:25:21 - INFO - Server listening on port http://127.0.0.1:3030/ 
12.12.2024, 18:25:59 - INFO - server.js loaded... 
12.12.2024, 18:25:59 - INFO - Server listening on port http://127.0.0.1:3030/ 
12.12.2024, 18:26:02 - INFO - server.js loaded... 
12.12.2024, 18:26:02 - INFO - Server listening on port http://127.0.0.1:3030/ 
12.12.2024, 18:26:04 - INFO - server.js loaded... 
12.12.2024, 18:26:04 - INFO - Server listening on port http://127.0.0.1:3030/ 
12.12.2024, 18:27:41 - INFO - Req was made | / 
12.12.2024, 18:28:04 - INFO - server.js loaded... 
12.12.2024, 18:28:04 - INFO - Server listening on port http://127.0.0.1:3030/ 
12.12.2024, 18:28:15 - INFO - server.js loaded... 
12.12.2024, 18:28:15 - INFO - Server listening on port http://127.0.0.1:3030/ 
12.12.2024, 18:28:28 - INFO - server.js loaded... 
12.12.2024, 18:28:28 - INFO - Server listening on port http://127.0.0.1:3030/ 
12.12.2024, 18:29:22 - INFO - server.js loaded... 
12.12.2024, 18:29:22 - INFO - Server listening on port http://127.0.0.1:3030/ 
12.12.2024, 18:29:58 - INFO - server.js loaded... 
12.12.2024, 18:29:58 - INFO - Server listening on port http://127.0.0.1:3030/ 
12.12.2024, 18:30:10 - INFO - server.js loaded... 
12.12.2024, 18:30:10 - INFO - Server listening on port http://127.0.0.1:3030/ 
12.12.2024, 18:32:00 - INFO - server.js loaded... 
12.12.2024, 18:32:00 - INFO - Server listening on port http://127.0.0.1:3030/ 
12.12.2024, 18:32:17 - INFO - server.js loaded... 
12.12.2024, 18:32:17 - INFO - Server listening on port http://127.0.0.1:3030/ 
12.12.2024, 18:32:21 - INFO - server.js loaded... 
12.12.2024, 18:32:21 - INFO - Server listening on port http://127.0.0.1:3030/ 
12.12.2024, 18:32:30 - INFO - Req was made | / 
12.12.2024, 18:32:59 - DEBUG - auth.service - login with username: admin 
12.12.2024, 18:32:59 - ERROR - Failed to Login Error: Invalid username or password 
12.12.2024, 18:33:06 - DEBUG - auth.service - login with username: admin 
12.12.2024, 18:33:06 - INFO - User login:  | {"_id":"675b0b46ac3b78a5b453caf1","username":"admin","fullname":"admin admin","isAdmin":true} 
12.12.2024, 18:33:23 - DEBUG - auth.service - login with username: admin 
12.12.2024, 18:33:23 - INFO - User login:  | {"_id":"675b0b46ac3b78a5b453caf1","username":"admin","fullname":"admin admin","isAdmin":true} 
12.12.2024, 18:33:43 - INFO - server.js loaded... 
12.12.2024, 18:33:43 - INFO - Server listening on port http://127.0.0.1:3030/ 
12.12.2024, 18:34:12 - INFO - server.js loaded... 
12.12.2024, 18:34:12 - INFO - Server listening on port http://127.0.0.1:3030/ 
12.12.2024, 18:34:20 - DEBUG - auth.service - login with username: admin 
12.12.2024, 18:34:20 - INFO - User login:  | {"_id":"675b0b46ac3b78a5b453caf1","username":"admin","fullname":"admin admin","isAdmin":true} 
12.12.2024, 18:34:30 - INFO - Req was made | / 
12.12.2024, 18:34:33 - INFO - Req was made | / 
12.12.2024, 18:34:38 - INFO - server.js loaded... 
12.12.2024, 18:34:38 - INFO - Server listening on port http://127.0.0.1:3030/ 
12.12.2024, 18:34:50 - INFO - server.js loaded... 
12.12.2024, 18:34:50 - INFO - Server listening on port http://127.0.0.1:3030/ 
12.12.2024, 18:35:03 - INFO - server.js loaded... 
12.12.2024, 18:35:03 - INFO - Server listening on port http://127.0.0.1:3030/ 
12.12.2024, 18:35:16 - INFO - server.js loaded... 
12.12.2024, 18:35:16 - INFO - Server listening on port http://127.0.0.1:3030/ 
12.12.2024, 18:35:19 - INFO - Req was made | / 
12.12.2024, 18:36:06 - DEBUG - auth.service - login with username: admin 
12.12.2024, 18:36:06 - INFO - User login:  | {"_id":"675b0b46ac3b78a5b453caf1","username":"admin","fullname":"admin admin","isAdmin":true} 
12.12.2024, 18:37:29 - INFO - server.js loaded... 
12.12.2024, 18:37:29 - INFO - Server listening on port http://127.0.0.1:3030/ 
12.12.2024, 18:38:32 - INFO - server.js loaded... 
12.12.2024, 18:38:32 - INFO - Server listening on port http://127.0.0.1:3030/ 
12.12.2024, 18:38:57 - DEBUG - auth.service - login with username: admin 
12.12.2024, 18:38:57 - INFO - User login:  | {"_id":"675b0b46ac3b78a5b453caf1","username":"admin","fullname":"admin admin","isAdmin":true} 
12.12.2024, 18:39:06 - INFO - server.js loaded... 
12.12.2024, 18:39:06 - INFO - Server listening on port http://127.0.0.1:3030/ 
12.12.2024, 18:40:23 - INFO - server.js loaded... 
12.12.2024, 18:40:24 - INFO - Server listening on port http://127.0.0.1:3030/ 
12.12.2024, 18:40:35 - DEBUG - auth.service - signup with username: admin, fullname: admin admin 
12.12.2024, 18:40:35 - DEBUG - auth.route - new account created: {"username":"admin","password":"$2b$10$osOQYP8PfIXdoPZ42JmvB.h7bKAwRstfeYhEokW6gRrhFN8DlJaIm","fullname":"admin admin","score":0,"isAdmin":false,"_id":"675b1203ce2a78329776cb60"} 
12.12.2024, 18:40:35 - DEBUG - auth.service - login with username: admin 
12.12.2024, 18:41:01 - INFO - Req was made | / 
12.12.2024, 18:41:01 - INFO - Req was made | / 
12.12.2024, 18:41:12 - INFO - Req was made | / 
12.12.2024, 18:41:12 - INFO - Req was made | / 
12.12.2024, 18:41:19 - INFO - Req was made | / 
12.12.2024, 18:41:20 - INFO - Req was made | / 
12.12.2024, 18:41:29 - INFO - Req was made | / 
12.12.2024, 18:41:29 - INFO - Req was made | / 
12.12.2024, 18:41:30 - INFO - Req was made | / 
12.12.2024, 18:41:31 - INFO - Req was made | / 
12.12.2024, 18:41:54 - DEBUG - auth.service - login with username: admin 
12.12.2024, 18:41:54 - INFO - User login:  | {"_id":"675b1203ce2a78329776cb60","username":"admin","fullname":"admin admin","score":0,"isAdmin":true} 
12.12.2024, 18:41:57 - INFO - Req was made | / 
12.12.2024, 18:42:00 - INFO - Req was made | / 
12.12.2024, 18:42:02 - INFO - Req was made | / 
12.12.2024, 18:42:02 - INFO - Req was made | / 
12.12.2024, 18:42:15 - INFO - Req was made | / 
12.12.2024, 18:42:15 - INFO - Req was made | / 
12.12.2024, 18:42:40 - INFO - Req was made | / 
12.12.2024, 18:42:40 - INFO - Req was made | / 
13.12.2024, 13:06:37 - INFO - server.js loaded... 
13.12.2024, 13:06:37 - INFO - Server listening on port http://127.0.0.1:3030/ 
13.12.2024, 13:06:43 - DEBUG - auth.service - login with username: admin 
13.12.2024, 13:06:43 - INFO - User login:  | {"_id":"675b1203ce2a78329776cb60","username":"admin","fullname":"admin admin","score":0,"isAdmin":true} 
13.12.2024, 13:06:47 - INFO - Req was made | / 
13.12.2024, 13:06:47 - INFO - Req was made | / 
13.12.2024, 13:06:56 - INFO - Req was made | / 
13.12.2024, 13:06:57 - INFO - Req was made | / 
13.12.2024, 13:07:16 - INFO - Req was made | / 
13.12.2024, 13:07:16 - INFO - Req was made | / 
13.12.2024, 13:10:37 - INFO - Req was made | / 
13.12.2024, 13:10:38 - INFO - Req was made | / 
13.12.2024, 13:10:40 - INFO - Req was made | / 
13.12.2024, 13:10:42 - INFO - Req was made | / 
13.12.2024, 13:10:42 - INFO - Req was made | / 
13.12.2024, 13:10:44 - INFO - Req was made | / 
13.12.2024, 13:10:44 - INFO - Req was made | / 
13.12.2024, 13:10:49 - INFO - Req was made | / 
13.12.2024, 13:10:49 - INFO - Req was made | / 
13.12.2024, 13:10:50 - INFO - Req was made | / 
13.12.2024, 13:10:53 - INFO - Req was made | / 
13.12.2024, 13:10:53 - INFO - Req was made | / 
13.12.2024, 13:10:55 - INFO - Req was made | / 
13.12.2024, 13:10:55 - INFO - Req was made | / 
13.12.2024, 13:10:57 - INFO - Req was made | / 
13.12.2024, 13:10:58 - INFO - Req was made | / 
13.12.2024, 13:11:00 - INFO - Req was made | / 
13.12.2024, 13:11:06 - INFO - Req was made | / 
13.12.2024, 13:11:08 - INFO - Req was made | / 
13.12.2024, 13:11:09 - INFO - Req was made | / 
13.12.2024, 13:11:12 - INFO - Req was made | / 
13.12.2024, 13:11:12 - INFO - Req was made | / 
13.12.2024, 13:11:13 - INFO - Req was made | / 
13.12.2024, 13:11:14 - INFO - Req was made | / 
13.12.2024, 13:11:16 - INFO - Req was made | / 
13.12.2024, 13:11:18 - INFO - Req was made | / 
13.12.2024, 13:11:19 - INFO - Req was made | / 
13.12.2024, 13:11:21 - INFO - Req was made | / 
13.12.2024, 13:11:24 - INFO - Req was made | / 
13.12.2024, 13:14:04 - DEBUG - auth.service - login with username: admin 
13.12.2024, 13:14:04 - INFO - User login:  | {"_id":"675b1203ce2a78329776cb60","username":"admin","fullname":"admin admin","score":0,"isAdmin":true} 
13.12.2024, 13:14:07 - INFO - Req was made | / 
13.12.2024, 13:14:07 - INFO - Req was made | / 
13.12.2024, 13:14:22 - INFO - Req was made | / 
13.12.2024, 13:14:23 - INFO - Req was made | / 
13.12.2024, 13:14:26 - INFO - Req was made | / 
13.12.2024, 13:14:31 - INFO - Req was made | / 
13.12.2024, 13:14:40 - INFO - Req was made | / 
13.12.2024, 13:14:40 - INFO - Req was made | / 
13.12.2024, 13:20:29 - INFO - server.js loaded... 
13.12.2024, 13:20:29 - INFO - Server listening on port http://127.0.0.1:3030/ 
13.12.2024, 13:20:35 - INFO - Req was made | / 
13.12.2024, 13:20:35 - INFO - Req was made | / 
13.12.2024, 13:20:38 - INFO - Req was made | / 
13.12.2024, 13:20:43 - INFO - Req was made | / 
13.12.2024, 13:20:45 - INFO - Req was made | / 
13.12.2024, 13:20:48 - INFO - Req was made | / 
13.12.2024, 13:20:49 - INFO - Req was made | / 
13.12.2024, 13:20:51 - INFO - Req was made | / 
13.12.2024, 13:20:55 - INFO - Req was made | / 
13.12.2024, 13:20:57 - INFO - Req was made | / 
13.12.2024, 13:20:58 - INFO - Req was made | / 
13.12.2024, 13:20:59 - INFO - Req was made | / 
13.12.2024, 13:21:01 - INFO - Req was made | / 
13.12.2024, 13:21:02 - INFO - Req was made | / 
13.12.2024, 13:21:03 - INFO - Req was made | / 
13.12.2024, 13:21:04 - INFO - Req was made | / 
13.12.2024, 13:21:06 - INFO - Req was made | / 
13.12.2024, 13:21:07 - INFO - Req was made | / 
13.12.2024, 13:21:39 - INFO - server.js loaded... 
13.12.2024, 13:21:39 - INFO - Server listening on port http://127.0.0.1:3030/ 
13.12.2024, 13:21:41 - INFO - Req was made | / 
13.12.2024, 13:21:41 - INFO - Req was made | / 
13.12.2024, 13:21:45 - INFO - Req was made | / 
13.12.2024, 13:21:46 - INFO - Req was made | / 
13.12.2024, 13:21:47 - INFO - Req was made | / 
13.12.2024, 13:21:49 - INFO - Req was made | / 
13.12.2024, 13:21:52 - INFO - Req was made | / 
13.12.2024, 13:21:52 - INFO - Req was made | / 
13.12.2024, 13:21:54 - INFO - Req was made | / 
13.12.2024, 13:21:55 - INFO - Req was made | / 
13.12.2024, 13:21:56 - INFO - Req was made | / 
13.12.2024, 13:21:57 - INFO - Req was made | / 
13.12.2024, 13:21:58 - INFO - Req was made | / 
13.12.2024, 13:21:59 - INFO - Req was made | / 
13.12.2024, 13:22:00 - INFO - Req was made | / 
13.12.2024, 13:22:01 - INFO - Req was made | / 
13.12.2024, 13:22:03 - INFO - Req was made | / 
13.12.2024, 13:22:05 - INFO - Req was made | / 
13.12.2024, 13:22:07 - INFO - Req was made | / 
13.12.2024, 13:22:07 - INFO - Req was made | / 
13.12.2024, 13:22:11 - INFO - Req was made | / 
13.12.2024, 13:22:13 - INFO - Req was made | / 
13.12.2024, 13:22:14 - INFO - Req was made | / 
13.12.2024, 13:22:21 - INFO - Req was made | / 
13.12.2024, 13:22:21 - INFO - Req was made | / 
13.12.2024, 13:22:23 - INFO - Req was made | / 
13.12.2024, 13:22:24 - INFO - Req was made | / 
13.12.2024, 13:22:34 - INFO - Req was made | / 
13.12.2024, 13:22:34 - INFO - Req was made | / 
13.12.2024, 13:22:36 - INFO - Req was made | / 
13.12.2024, 13:22:36 - INFO - Req was made | / 
13.12.2024, 13:23:36 - INFO - Req was made | / 
13.12.2024, 13:23:36 - INFO - Req was made | / 
13.12.2024, 13:23:44 - INFO - Req was made | / 
13.12.2024, 13:23:44 - INFO - Req was made | / 
13.12.2024, 13:24:27 - INFO - Req was made | / 
13.12.2024, 13:24:28 - INFO - Req was made | / 
13.12.2024, 13:25:15 - INFO - server.js loaded... 
13.12.2024, 13:25:15 - INFO - Server listening on port http://127.0.0.1:3030/ 
13.12.2024, 13:25:17 - INFO - Req was made | / 
13.12.2024, 13:25:17 - INFO - Req was made | / 
13.12.2024, 13:25:19 - INFO - Req was made | / 
13.12.2024, 13:25:20 - INFO - Req was made | / 
13.12.2024, 13:25:24 - INFO - Req was made | / 
13.12.2024, 13:25:26 - INFO - Req was made | / 
13.12.2024, 13:25:26 - INFO - Req was made | / 
13.12.2024, 13:25:27 - INFO - Req was made | / 
13.12.2024, 13:25:28 - INFO - Req was made | / 
13.12.2024, 13:25:33 - INFO - Req was made | / 
13.12.2024, 13:25:33 - INFO - Req was made | / 
13.12.2024, 13:25:55 - INFO - Req was made | / 
13.12.2024, 13:26:00 - INFO - Req was made | / 
13.12.2024, 13:26:02 - INFO - Req was made | / 
13.12.2024, 13:26:04 - INFO - Req was made | / 
13.12.2024, 13:26:06 - INFO - Req was made | / 
13.12.2024, 13:26:08 - INFO - Req was made | / 
13.12.2024, 13:26:11 - INFO - Req was made | / 
13.12.2024, 13:26:13 - INFO - Req was made | / 
13.12.2024, 13:26:14 - INFO - Req was made | / 
13.12.2024, 13:26:16 - INFO - Req was made | / 
13.12.2024, 13:26:16 - INFO - Req was made | / 
13.12.2024, 13:26:18 - INFO - Req was made | / 
13.12.2024, 13:26:18 - INFO - Req was made | / 
13.12.2024, 13:26:19 - INFO - Req was made | / 
13.12.2024, 13:26:20 - INFO - Req was made | / 
13.12.2024, 13:26:21 - INFO - Req was made | / 
13.12.2024, 13:26:22 - INFO - Req was made | / 
13.12.2024, 13:26:23 - INFO - Req was made | / 
13.12.2024, 13:26:24 - INFO - Req was made | / 
13.12.2024, 13:26:25 - INFO - Req was made | / 
13.12.2024, 13:26:26 - INFO - Req was made | / 
13.12.2024, 13:26:27 - INFO - Req was made | / 
13.12.2024, 13:26:27 - INFO - Req was made | / 
13.12.2024, 13:26:28 - INFO - Req was made | / 
13.12.2024, 13:26:30 - INFO - Req was made | / 
13.12.2024, 13:26:30 - INFO - Req was made | / 
13.12.2024, 13:26:31 - INFO - Req was made | / 
13.12.2024, 13:26:44 - INFO - Req was made | / 
13.12.2024, 13:28:42 - INFO - server.js loaded... 
13.12.2024, 13:28:42 - INFO - Server listening on port http://127.0.0.1:3030/ 
13.12.2024, 13:28:46 - INFO - Req was made | / 
13.12.2024, 13:28:46 - INFO - Req was made | / 
13.12.2024, 13:28:48 - INFO - Req was made | / 
13.12.2024, 13:28:50 - INFO - Req was made | / 
13.12.2024, 13:28:51 - INFO - Req was made | / 
13.12.2024, 13:28:51 - INFO - Req was made | / 
13.12.2024, 13:28:53 - INFO - Req was made | / 
13.12.2024, 13:28:53 - INFO - Req was made | / 
13.12.2024, 13:28:54 - INFO - Req was made | / 
13.12.2024, 13:28:56 - INFO - Req was made | / 
13.12.2024, 13:28:56 - INFO - Req was made | / 
13.12.2024, 13:28:57 - INFO - Req was made | / 
13.12.2024, 13:28:58 - INFO - Req was made | / 
13.12.2024, 13:28:58 - INFO - Req was made | / 
13.12.2024, 13:29:00 - INFO - Req was made | / 
13.12.2024, 13:29:05 - INFO - server.js loaded... 
13.12.2024, 13:29:05 - INFO - Server listening on port http://127.0.0.1:3030/ 
13.12.2024, 13:29:14 - INFO - Req was made | / 
13.12.2024, 13:29:15 - INFO - Req was made | / 
13.12.2024, 13:30:03 - DEBUG - auth.service - signup with username: Dexter, fullname: Dexter Morgan 
13.12.2024, 13:30:03 - DEBUG - auth.route - new account created: {"username":"Dexter","password":"$2b$10$dYVBliJhIHVj900EYtGHNu4dpLQyNvW9tDXG.C5FDoWThufv6.GCO","fullname":"Dexter Morgan","score":0,"isAdmin":false,"_id":"675c1abb445b367c92135f19"} 
13.12.2024, 13:30:03 - DEBUG - auth.service - login with username: Dexter 
13.12.2024, 13:30:09 - INFO - Req was made | / 
13.12.2024, 13:30:10 - INFO - Req was made | / 
13.12.2024, 13:30:11 - INFO - Req was made | / 
13.12.2024, 13:30:14 - INFO - Req was made | / 
13.12.2024, 13:30:14 - INFO - Req was made | / 
13.12.2024, 13:31:42 - INFO - server.js loaded... 
13.12.2024, 13:31:42 - INFO - Server listening on port http://127.0.0.1:3030/ 
13.12.2024, 13:33:56 - INFO - Req was made | / 
13.12.2024, 13:33:57 - INFO - Req was made | / 
13.12.2024, 13:35:29 - INFO - Req was made | / 
13.12.2024, 13:35:29 - INFO - Req was made | / 
13.12.2024, 13:38:47 - INFO - Req was made | / 
13.12.2024, 13:38:47 - INFO - Req was made | / 
13.12.2024, 13:38:54 - INFO - Req was made | / 
13.12.2024, 13:38:55 - INFO - Req was made | / 
13.12.2024, 13:51:46 - INFO - Req was made | / 
13.12.2024, 13:51:47 - INFO - Req was made | / 
13.12.2024, 13:51:47 - INFO - Req was made | / 
13.12.2024, 13:52:11 - INFO - Req was made | / 
13.12.2024, 13:52:12 - INFO - Req was made | / 
13.12.2024, 13:52:16 - INFO - Req was made | / 
13.12.2024, 13:52:17 - INFO - Req was made | / 
13.12.2024, 13:54:57 - INFO - Req was made | / 
13.12.2024, 13:54:57 - INFO - Req was made | / 
13.12.2024, 13:55:39 - DEBUG - auth.service - login with username: admin 
13.12.2024, 13:55:39 - INFO - User login:  | {"_id":"675b1203ce2a78329776cb60","username":"admin","fullname":"admin admin","score":0,"isAdmin":true} 
13.12.2024, 13:58:39 - DEBUG - auth.service - login with username: admin 
13.12.2024, 13:58:39 - INFO - User login:  | {"_id":"675b1203ce2a78329776cb60","username":"admin","fullname":"admin admin","score":0,"isAdmin":true} 
13.12.2024, 13:58:49 - DEBUG - auth.service - login with username: hello 
13.12.2024, 13:58:49 - ERROR - Failed to Login Error: Invalid username or password 
13.12.2024, 14:00:04 - DEBUG - auth.service - login with username: admin 
13.12.2024, 14:00:04 - INFO - User login:  | {"_id":"675b1203ce2a78329776cb60","username":"admin","fullname":"admin admin","score":0,"isAdmin":true} 
13.12.2024, 14:46:48 - INFO - Req was made | / 
13.12.2024, 14:46:49 - INFO - Req was made | / 
13.12.2024, 14:46:53 - INFO - Req was made | / 
13.12.2024, 14:46:53 - INFO - Req was made | / 
13.12.2024, 14:46:59 - DEBUG - auth.service - login with username: admin 
13.12.2024, 14:46:59 - INFO - User login:  | {"_id":"675b1203ce2a78329776cb60","username":"admin","fullname":"admin admin","score":0,"isAdmin":true} 
13.12.2024, 14:47:02 - INFO - Req was made | / 
13.12.2024, 14:47:03 - INFO - Req was made | / 
13.12.2024, 14:47:06 - INFO - Req was made | / 
13.12.2024, 14:47:06 - INFO - Req was made | / 
13.12.2024, 14:47:11 - INFO - Req was made | / 
13.12.2024, 14:47:11 - INFO - Req was made | / 
13.12.2024, 14:47:13 - INFO - Req was made | / 
13.12.2024, 14:47:13 - INFO - Req was made | / 
13.12.2024, 14:47:15 - INFO - Req was made | / 
13.12.2024, 14:47:16 - INFO - Req was made | / 
13.12.2024, 14:47:22 - INFO - Req was made | / 
13.12.2024, 14:47:23 - INFO - Req was made | / 
13.12.2024, 14:47:24 - INFO - Req was made | / 
13.12.2024, 14:47:25 - INFO - Req was made | / 
13.12.2024, 14:57:52 - DEBUG - auth.service - login with username: admin 
13.12.2024, 14:57:52 - INFO - User login:  | {"_id":"675b1203ce2a78329776cb60","username":"admin","fullname":"admin admin","score":0,"isAdmin":true} 
13.12.2024, 14:58:31 - DEBUG - auth.service - signup with username: hello, fullname: hello hello 
13.12.2024, 14:58:31 - DEBUG - auth.route - new account created: {"username":"hello","password":"$2b$10$e3oWAHXUzZy4TC1E9alR5eS8Bes1TwqexcjuPseDo71UxN/wi/oLq","fullname":"hello hello","score":0,"isAdmin":false,"_id":"675c2f770b918fa6d1041fee"} 
13.12.2024, 14:58:31 - DEBUG - auth.service - login with username: hello 
13.12.2024, 15:10:13 - DEBUG - auth.service - login with username: admin 
13.12.2024, 15:10:13 - INFO - User login:  | {"_id":"675b1203ce2a78329776cb60","username":"admin","fullname":"admin admin","score":0,"isAdmin":true} 
13.12.2024, 15:10:25 - DEBUG - auth.service - signup with username: 2213131313, fullname: 1313131331 
13.12.2024, 15:10:25 - DEBUG - auth.route - new account created: {"username":"2213131313","password":"$2b$10$gXSR/E0dN.hQFckjdAdL8uTk8XfH5XC0lh420you.WisteHiygt.q","fullname":"1313131331","score":0,"isAdmin":false,"_id":"675c32410b918fa6d1041fef"} 
13.12.2024, 15:10:25 - DEBUG - auth.service - login with username: 2213131313 
13.12.2024, 15:15:38 - INFO - Req was made | / 
13.12.2024, 15:15:38 - INFO - Req was made | / 
13.12.2024, 15:30:08 - INFO - server.js loaded... 
13.12.2024, 15:30:08 - INFO - Server listening on port http://127.0.0.1:3030/ 
13.12.2024, 15:30:30 - INFO - server.js loaded... 
13.12.2024, 15:30:30 - INFO - Server listening on port http://127.0.0.1:3030/ 
13.12.2024, 15:31:01 - DEBUG - auth.service - signup with username: user123, fullname: user user 
13.12.2024, 15:31:01 - DEBUG - auth.route - new account created: {"username":"user123","password":"$2b$10$fgd2U1nCe2WrCbHywCG3H.ldhR6DHFT7z3SMeewQ8jPvhIr7W.eCa","fullname":"user user","score":0,"isAdmin":false,"_id":"675c3715b1adb31cfb970166"} 
13.12.2024, 15:31:01 - DEBUG - auth.service - login with username: user123 
13.12.2024, 15:31:05 - INFO - Req was made | / 
13.12.2024, 15:31:05 - INFO - Req was made | / 
13.12.2024, 15:31:13 - INFO - Req was made | / 
13.12.2024, 15:31:46 - INFO - server.js loaded... 
13.12.2024, 15:31:46 - INFO - Server listening on port http://127.0.0.1:3030/ 
13.12.2024, 15:31:56 - INFO - server.js loaded... 
13.12.2024, 15:31:56 - INFO - Server listening on port http://127.0.0.1:3030/ 
13.12.2024, 15:31:58 - WARN - user userattempted to perform admin action 
13.12.2024, 15:32:00 - WARN - user userattempted to perform admin action 
13.12.2024, 15:32:01 - WARN - user userattempted to perform admin action 
13.12.2024, 15:32:13 - DEBUG - auth.service - login with username: admin 
13.12.2024, 15:32:13 - INFO - User login:  | {"_id":"675b1203ce2a78329776cb60","username":"admin","fullname":"admin admin","score":0,"isAdmin":true} 
13.12.2024, 15:32:16 - INFO - Req was made | / 
13.12.2024, 15:32:17 - INFO - Req was made | / 
13.12.2024, 15:32:33 - DEBUG - auth.service - login with username: user user 
13.12.2024, 15:32:33 - ERROR - Failed to Login Error: Invalid username or password 
13.12.2024, 15:32:35 - DEBUG - auth.service - login with username: user user 
13.12.2024, 15:32:35 - ERROR - Failed to Login Error: Invalid username or password 
13.12.2024, 15:32:43 - DEBUG - auth.service - login with username: user user 
13.12.2024, 15:32:43 - ERROR - Failed to Login Error: Invalid username or password 
13.12.2024, 15:32:56 - DEBUG - auth.service - signup with username: user user2, fullname: 12e11e 
13.12.2024, 15:32:56 - DEBUG - auth.route - new account created: {"username":"user user2","password":"$2b$10$9sR3uurkjTBiLwDRIuWbl.HoV.HMvddNWE9qBfFAkChmcConxAzba","fullname":"12e11e","score":0,"isAdmin":false,"_id":"675c378836e0b83118301a5d"} 
13.12.2024, 15:32:56 - DEBUG - auth.service - login with username: user user2 
13.12.2024, 15:32:57 - INFO - Req was made | / 
13.12.2024, 15:32:58 - INFO - Req was made | / 
13.12.2024, 15:32:59 - WARN - 12e11eattempted to perform admin action 
13.12.2024, 15:33:01 - WARN - 12e11eattempted to perform admin action 
13.12.2024, 15:33:41 - INFO - Req was made | / 
13.12.2024, 15:33:41 - INFO - Req was made | / 
13.12.2024, 15:34:01 - INFO - server.js loaded... 
13.12.2024, 15:34:01 - INFO - Server listening on port http://127.0.0.1:3030/ 
13.12.2024, 15:34:03 - INFO - Req was made | / 
13.12.2024, 15:34:03 - INFO - Req was made | / 
13.12.2024, 15:34:07 - INFO - Req was made | / 
13.12.2024, 15:34:08 - INFO - Req was made | / 
13.12.2024, 15:34:28 - INFO - Req was made | / 
13.12.2024, 15:34:28 - INFO - Req was made | / 
13.12.2024, 15:34:35 - INFO - server.js loaded... 
13.12.2024, 15:34:35 - INFO - Server listening on port http://127.0.0.1:3030/ 
13.12.2024, 15:34:37 - INFO - Req was made | / 
13.12.2024, 15:34:38 - INFO - Req was made | / 
13.12.2024, 15:34:41 - WARN - 12e11eattempted to perform admin action 
13.12.2024, 15:34:59 - INFO - server.js loaded... 
13.12.2024, 15:34:59 - INFO - Server listening on port http://127.0.0.1:3030/ 
13.12.2024, 15:35:06 - INFO - Req was made | / 
13.12.2024, 15:35:07 - INFO - Req was made | / 
13.12.2024, 15:35:07 - WARN - 12e11eattempted to perform admin action 
13.12.2024, 15:35:11 - WARN - 12e11eattempted to perform admin action 
13.12.2024, 15:35:13 - INFO - Req was made | / 
13.12.2024, 15:35:13 - INFO - Req was made | / 
13.12.2024, 15:35:14 - WARN - 12e11eattempted to perform admin action 
13.12.2024, 15:35:26 - INFO - Req was made | / 
13.12.2024, 15:35:26 - INFO - Req was made | / 
13.12.2024, 15:35:33 - WARN - 12e11eattempted to perform admin action 
13.12.2024, 15:35:43 - DEBUG - auth.service - login with username: admin 
13.12.2024, 15:35:44 - INFO - User login:  | {"_id":"675b1203ce2a78329776cb60","username":"admin","fullname":"admin admin","score":0,"isAdmin":true} 
13.12.2024, 15:35:46 - INFO - Req was made | / 
13.12.2024, 15:35:47 - INFO - Req was made | / 
13.12.2024, 15:35:55 - INFO - Req was made | / 
13.12.2024, 15:35:55 - INFO - Req was made | / 
13.12.2024, 15:35:57 - INFO - Req was made | / 
13.12.2024, 15:35:57 - INFO - Req was made | / 
13.12.2024, 15:37:19 - INFO - server.js loaded... 
13.12.2024, 15:37:19 - INFO - Server listening on port http://127.0.0.1:3030/ 
13.12.2024, 15:47:36 - INFO - Req was made | / 
13.12.2024, 15:47:37 - INFO - Req was made | / 
13.12.2024, 15:47:37 - INFO - Req was made | / 
13.12.2024, 15:47:55 - INFO - Req was made | / 
13.12.2024, 15:47:55 - INFO - Req was made | / 
13.12.2024, 15:49:03 - INFO - Req was made | / 
13.12.2024, 15:49:06 - INFO - Req was made | / 
13.12.2024, 15:49:08 - INFO - Req was made | / 
13.12.2024, 15:49:08 - INFO - Req was made | / 
13.12.2024, 15:49:41 - INFO - Req was made | / 
13.12.2024, 15:51:09 - INFO - Req was made | / 
13.12.2024, 15:51:09 - INFO - Req was made | / 
13.12.2024, 15:51:18 - INFO - Req was made | / 
13.12.2024, 15:51:40 - INFO - Req was made | / 
13.12.2024, 15:51:40 - INFO - Req was made | / 
13.12.2024, 15:51:51 - INFO - Req was made | / 
13.12.2024, 15:51:52 - INFO - Req was made | / 
13.12.2024, 15:53:10 - INFO - Req was made | / 
13.12.2024, 15:53:10 - INFO - Req was made | / 
13.12.2024, 15:53:29 - INFO - Req was made | / 
13.12.2024, 15:53:29 - INFO - Req was made | / 
13.12.2024, 15:53:35 - DEBUG - auth.service - login with username: admin 
13.12.2024, 15:53:36 - INFO - User login:  | {"_id":"675b1203ce2a78329776cb60","username":"admin","fullname":"admin admin","score":0,"isAdmin":true} 
13.12.2024, 15:54:44 - INFO - Req was made | / 
13.12.2024, 15:54:45 - INFO - Req was made | / 
13.12.2024, 15:54:47 - INFO - Req was made | / 
13.12.2024, 15:54:47 - INFO - Req was made | / 
13.12.2024, 15:54:50 - INFO - Req was made | / 
13.12.2024, 15:56:19 - INFO - Req was made | / 
13.12.2024, 15:56:24 - INFO - Req was made | / 
13.12.2024, 15:56:24 - INFO - Req was made | / 
13.12.2024, 15:56:29 - INFO - Req was made | / 
13.12.2024, 15:56:31 - INFO - Req was made | / 
13.12.2024, 15:56:32 - INFO - Req was made | / 
13.12.2024, 15:56:46 - DEBUG - auth.service - login with username: admin 
13.12.2024, 15:56:46 - INFO - User login:  | {"_id":"675b1203ce2a78329776cb60","username":"admin","fullname":"admin admin","score":0,"isAdmin":true} 
13.12.2024, 15:56:57 - INFO - Req was made | / 
13.12.2024, 15:56:58 - INFO - Req was made | / 
13.12.2024, 15:57:04 - INFO - Req was made | / 
13.12.2024, 15:57:21 - INFO - Req was made | / 
13.12.2024, 15:57:23 - INFO - Req was made | / 
13.12.2024, 15:57:23 - INFO - Req was made | / 
13.12.2024, 15:57:31 - INFO - Req was made | / 
13.12.2024, 15:57:41 - INFO - Req was made | / 
13.12.2024, 15:59:17 - INFO - Req was made | / 
13.12.2024, 15:59:21 - INFO - Req was made | / 
13.12.2024, 15:59:24 - INFO - Req was made | / 
13.12.2024, 15:59:24 - INFO - Req was made | / 
13.12.2024, 15:59:27 - INFO - Req was made | / 
13.12.2024, 15:59:30 - INFO - Req was made | / 
13.12.2024, 15:59:32 - INFO - Req was made | / 
13.12.2024, 15:59:32 - INFO - Req was made | / 
13.12.2024, 15:59:43 - DEBUG - auth.service - login with username: admin 
13.12.2024, 15:59:43 - INFO - User login:  | {"_id":"675b1203ce2a78329776cb60","username":"admin","fullname":"admin admin","score":0,"isAdmin":true} 
13.12.2024, 15:59:47 - INFO - Req was made | / 
13.12.2024, 15:59:47 - INFO - Req was made | / 
13.12.2024, 16:00:12 - INFO - Req was made | / 
13.12.2024, 16:01:02 - INFO - Req was made | / 
13.12.2024, 16:01:03 - INFO - Req was made | / 
13.12.2024, 16:01:04 - INFO - Req was made | / 
13.12.2024, 16:01:05 - INFO - Req was made | / 
13.12.2024, 16:01:08 - INFO - Req was made | / 
13.12.2024, 16:01:08 - INFO - Req was made | / 
13.12.2024, 16:01:15 - INFO - Req was made | / 
13.12.2024, 16:01:15 - INFO - Req was made | / 
13.12.2024, 16:01:23 - DEBUG - auth.service - login with username: admin 
13.12.2024, 16:01:24 - INFO - User login:  | {"_id":"675b1203ce2a78329776cb60","username":"admin","fullname":"admin admin","score":0,"isAdmin":true} 
13.12.2024, 16:01:26 - INFO - Req was made | / 
13.12.2024, 16:01:27 - INFO - Req was made | / 
13.12.2024, 16:02:44 - INFO - Req was made | / 
13.12.2024, 16:02:44 - INFO - Req was made | / 
13.12.2024, 16:02:50 - INFO - Req was made | / 
13.12.2024, 16:02:51 - INFO - Req was made | / 
13.12.2024, 16:03:26 - INFO - Req was made | / 
13.12.2024, 16:03:26 - INFO - Req was made | / 
13.12.2024, 16:06:13 - INFO - Req was made | / 
13.12.2024, 16:06:14 - INFO - Req was made | / 
13.12.2024, 16:06:17 - INFO - Req was made | / 
13.12.2024, 16:06:17 - INFO - Req was made | / 
13.12.2024, 16:06:25 - DEBUG - auth.service - login with username: admin 
13.12.2024, 16:06:25 - INFO - User login:  | {"_id":"675b1203ce2a78329776cb60","username":"admin","fullname":"admin admin","score":0,"isAdmin":true} 
13.12.2024, 16:06:27 - INFO - Req was made | / 
13.12.2024, 16:06:28 - INFO - Req was made | / 
13.12.2024, 16:06:40 - INFO - Req was made | / 
13.12.2024, 16:06:40 - INFO - Req was made | / 
13.12.2024, 16:06:43 - INFO - Req was made | / 
13.12.2024, 16:06:44 - INFO - Req was made | / 
13.12.2024, 16:06:47 - INFO - Req was made | / 
13.12.2024, 16:06:49 - INFO - Req was made | / 
13.12.2024, 16:06:59 - INFO - Req was made | / 
13.12.2024, 16:06:59 - INFO - Req was made | / 
13.12.2024, 16:07:33 - INFO - Req was made | / 
13.12.2024, 16:07:34 - INFO - Req was made | / 
13.12.2024, 16:07:56 - INFO - Req was made | / 
13.12.2024, 16:07:57 - INFO - Req was made | / 
13.12.2024, 16:09:52 - INFO - Req was made | / 
13.12.2024, 16:09:52 - INFO - Req was made | / 
13.12.2024, 16:10:41 - INFO - Req was made | / 
13.12.2024, 16:10:41 - INFO - Req was made | / 
13.12.2024, 16:10:53 - INFO - Req was made | / 
13.12.2024, 16:10:54 - INFO - Req was made | / 
13.12.2024, 16:11:02 - INFO - Req was made | / 
13.12.2024, 16:11:02 - INFO - Req was made | / 
13.12.2024, 16:12:41 - INFO - Req was made | / 
13.12.2024, 16:12:41 - INFO - Req was made | / 
13.12.2024, 16:12:43 - INFO - Req was made | / 
13.12.2024, 16:12:43 - INFO - Req was made | / 
13.12.2024, 16:12:49 - DEBUG - auth.service - login with username: admin 
13.12.2024, 16:12:49 - INFO - User login:  | {"_id":"675b1203ce2a78329776cb60","username":"admin","fullname":"admin admin","score":0,"isAdmin":true} 
13.12.2024, 16:12:53 - INFO - Req was made | / 
13.12.2024, 16:12:54 - INFO - Req was made | / 
13.12.2024, 16:14:24 - INFO - Req was made | / 
13.12.2024, 16:14:25 - INFO - Req was made | / 
13.12.2024, 16:14:29 - INFO - Req was made | / 
13.12.2024, 16:14:29 - INFO - Req was made | / 
14.12.2024, 10:59:17 - INFO - server.js loaded... 
14.12.2024, 10:59:17 - INFO - Server listening on port http://127.0.0.1:3030/ 
14.12.2024, 10:59:20 - INFO - Req was made | / 
14.12.2024, 10:59:20 - INFO - Req was made | / 
14.12.2024, 10:59:23 - INFO - Req was made | / 
14.12.2024, 10:59:23 - INFO - Req was made | / 
14.12.2024, 10:59:49 - DEBUG - auth.service - login with username: admin 
14.12.2024, 10:59:49 - INFO - User login:  | {"_id":"675b1203ce2a78329776cb60","username":"admin","fullname":"admin admin","score":0,"isAdmin":true} 
14.12.2024, 10:59:52 - INFO - Req was made | / 
14.12.2024, 10:59:52 - INFO - Req was made | / 
14.12.2024, 11:00:06 - INFO - Req was made | / 
14.12.2024, 11:00:07 - INFO - Req was made | / 
14.12.2024, 11:00:18 - INFO - Req was made | / 
14.12.2024, 11:00:21 - INFO - Req was made | / 
14.12.2024, 11:00:21 - INFO - Req was made | / 
14.12.2024, 11:01:24 - INFO - Req was made | / 
14.12.2024, 11:01:24 - INFO - Req was made | / 
14.12.2024, 11:09:00 - INFO - Req was made | / 
14.12.2024, 11:09:01 - INFO - Req was made | / 
14.12.2024, 11:09:28 - INFO - Req was made | / 
14.12.2024, 11:09:28 - INFO - Req was made | / 
14.12.2024, 11:09:34 - INFO - Req was made | / 
14.12.2024, 11:11:54 - INFO - Req was made | / 
14.12.2024, 11:11:54 - INFO - Req was made | / 
14.12.2024, 14:14:13 - INFO - Req was made | / 
14.12.2024, 14:14:15 - INFO - Req was made | / 
14.12.2024, 14:14:15 - INFO - Req was made | / 
14.12.2024, 14:14:17 - INFO - Req was made | / 
14.12.2024, 14:14:18 - INFO - Req was made | / 
14.12.2024, 14:15:37 - INFO - Req was made | / 
14.12.2024, 14:15:37 - INFO - Req was made | / 
14.12.2024, 15:38:30 - DEBUG - auth.service - signup with username: Doctor, fullname: Mr Big 
14.12.2024, 15:38:30 - DEBUG - auth.route - new account created: {"username":"Doctor","password":"$2b$10$9056tGKF3U4zuHaSuaEt8e2f4I6pY7BZG.fdbUKph0p5kOaq1cJTm","fullname":"Mr Big","score":0,"isAdmin":false,"_id":"675d8a564fbb4b437b903503"} 
14.12.2024, 15:38:30 - DEBUG - auth.service - login with username: Doctor 
14.12.2024, 15:38:33 - INFO - Req was made | / 
14.12.2024, 15:38:33 - INFO - Req was made | / 
14.12.2024, 16:00:54 - WARN - Mr Bigattempted to perform admin action 
14.12.2024, 16:14:46 - WARN - Mr Bigattempted to perform admin action 
14.12.2024, 16:15:58 - DEBUG - auth.service - login with username: admin 
14.12.2024, 16:15:58 - INFO - User login:  | {"_id":"675b1203ce2a78329776cb60","username":"admin","fullname":"admin admin","score":0,"isAdmin":true} 
14.12.2024, 16:16:05 - INFO - Req was made | / 
14.12.2024, 16:16:05 - INFO - Req was made | / 
14.12.2024, 16:17:41 - INFO - Req was made | / 
14.12.2024, 16:17:41 - INFO - Req was made | / 
14.12.2024, 16:20:48 - INFO - Req was made | / 
14.12.2024, 16:20:48 - INFO - Req was made | / 
14.12.2024, 17:18:47 - INFO - Req was made | / 
14.12.2024, 17:18:47 - INFO - Req was made | / 
14.12.2024, 17:41:26 - INFO - Req was made | / 
14.12.2024, 17:41:27 - INFO - Req was made | / 
14.12.2024, 17:41:27 - INFO - Req was made | / 
14.12.2024, 17:41:28 - INFO - Req was made | / 
14.12.2024, 17:41:29 - INFO - Req was made | / 
14.12.2024, 18:09:34 - INFO - server.js loaded... 
14.12.2024, 18:09:34 - INFO - Server listening on port http://127.0.0.1:3030/ 
14.12.2024, 18:09:38 - INFO - server.js loaded... 
14.12.2024, 18:09:38 - INFO - Server listening on port http://127.0.0.1:3030/ 
14.12.2024, 18:09:54 - INFO - server.js loaded... 
14.12.2024, 18:09:54 - INFO - Server listening on port http://127.0.0.1:3030/ 
14.12.2024, 18:10:31 - INFO - server.js loaded... 
14.12.2024, 18:10:31 - INFO - Server listening on port http://127.0.0.1:3030/ 
14.12.2024, 18:11:01 - INFO - Req was made | / 
14.12.2024, 18:15:21 - ERROR - while finding user login
 | BSONError: hex string must be 24 characters 
14.12.2024, 18:15:21 - ERROR - Failed to get user | BSONError: hex string must be 24 characters 
14.12.2024, 18:18:03 - DEBUG - auth.service - login with username: admin 
14.12.2024, 18:18:03 - INFO - User login:  | {"_id":"675b1203ce2a78329776cb60","username":"admin","fullname":"admin admin","score":0,"isAdmin":true} 
14.12.2024, 18:31:55 - INFO - Req was made | / 
14.12.2024, 18:31:55 - INFO - Req was made | / 
14.12.2024, 18:32:38 - INFO - Req was made | / 
14.12.2024, 18:32:38 - INFO - Req was made | / 
14.12.2024, 18:32:41 - INFO - Req was made | / 
14.12.2024, 18:32:41 - INFO - Req was made | / 
14.12.2024, 18:36:23 - INFO - Req was made | / 
14.12.2024, 18:36:27 - INFO - Req was made | / 
14.12.2024, 18:36:28 - INFO - Req was made | / 
14.12.2024, 18:39:30 - INFO - Req was made | / 
14.12.2024, 18:39:30 - INFO - Req was made | / 
14.12.2024, 18:40:28 - INFO - Req was made | / 
14.12.2024, 18:40:28 - INFO - Req was made | / 
14.12.2024, 18:40:30 - INFO - Req was made | / 
14.12.2024, 18:40:32 - INFO - Req was made | / 
14.12.2024, 18:40:32 - INFO - Req was made | / 
14.12.2024, 18:40:33 - INFO - Req was made | / 
14.12.2024, 18:40:34 - INFO - Req was made | / 
14.12.2024, 18:40:34 - INFO - Req was made | / 
14.12.2024, 18:40:40 - INFO - Req was made | / 
14.12.2024, 18:40:40 - INFO - Req was made | / 
14.12.2024, 18:58:50 - ERROR - cannot add toy msg 3lhPR | BSONError: hex string must be 24 characters 
14.12.2024, 18:58:50 - ERROR - Failed to remove toy msg | BSONError: hex string must be 24 characters 
14.12.2024, 19:15:43 - INFO - Req was made | / 
14.12.2024, 19:15:47 - INFO - Req was made | / 
14.12.2024, 19:15:47 - INFO - Req was made | / 
14.12.2024, 19:16:54 - INFO - Req was made | / 
14.12.2024, 19:16:54 - INFO - Req was made | / 
15.12.2024, 14:07:02 - INFO - server.js loaded... 
15.12.2024, 14:07:02 - INFO - Server listening on port http://127.0.0.1:3030/ 
15.12.2024, 14:07:36 - INFO - server.js loaded... 
15.12.2024, 14:07:36 - INFO - Server listening on port http://127.0.0.1:3030/ 
15.12.2024, 14:07:44 - DEBUG - auth.service - login with username: admin 
15.12.2024, 14:07:44 - INFO - User login:  | {"_id":"675b1203ce2a78329776cb60","username":"admin","fullname":"admin admin","score":0,"isAdmin":true} 
15.12.2024, 14:07:48 - INFO - Req was made | / 
15.12.2024, 14:07:48 - INFO - Req was made | / 
15.12.2024, 14:07:54 - INFO - Req was made | / 
15.12.2024, 14:07:54 - INFO - Req was made | / 
15.12.2024, 14:07:57 - INFO - Req was made | / 
15.12.2024, 14:07:59 - INFO - Req was made | / 
15.12.2024, 14:07:59 - INFO - Req was made | / 
15.12.2024, 14:08:00 - INFO - Req was made | / 
15.12.2024, 14:08:04 - INFO - Req was made | / 
15.12.2024, 14:08:04 - INFO - Req was made | / 
15.12.2024, 14:22:10 - INFO - server.js loaded... 
15.12.2024, 14:22:10 - INFO - Server listening on port http://127.0.0.1:3030/ 
15.12.2024, 14:25:43 - INFO - server.js loaded... 
15.12.2024, 14:25:43 - INFO - Server listening on port http://127.0.0.1:3030/ 
15.12.2024, 14:26:19 - INFO - server.js loaded... 
15.12.2024, 14:26:19 - INFO - Server listening on port http://127.0.0.1:3030/ 
15.12.2024, 14:26:22 - INFO - server.js loaded... 
15.12.2024, 14:26:22 - INFO - Server listening on port http://127.0.0.1:3030/ 
15.12.2024, 14:28:24 - INFO - server.js loaded... 
15.12.2024, 14:28:24 - INFO - Server is running on port: 3030 
15.12.2024, 14:29:28 - INFO - server.js loaded... 
15.12.2024, 14:29:28 - INFO - Server is running on port: 3030 
15.12.2024, 14:30:12 - INFO - Req was made | / 
15.12.2024, 14:30:13 - INFO - Req was made | / 
15.12.2024, 14:30:14 - INFO - Req was made | / 
15.12.2024, 14:31:34 - INFO - server.js loaded... 
15.12.2024, 14:31:34 - INFO - Server is running on port: 3030 
15.12.2024, 14:34:59 - INFO - Req was made | / 
15.12.2024, 14:34:59 - INFO - Req was made | / 
15.12.2024, 14:35:03 - INFO - Req was made | / 
15.12.2024, 14:35:04 - INFO - Req was made | / 
15.12.2024, 14:35:05 - INFO - Req was made | / 
15.12.2024, 14:35:05 - INFO - Req was made | / 
15.12.2024, 14:35:10 - INFO - Req was made | / 
15.12.2024, 14:35:11 - INFO - Req was made | / 
15.12.2024, 14:48:03 - INFO - Req was made | / 
15.12.2024, 14:48:04 - INFO - Req was made | / 
15.12.2024, 14:48:12 - INFO - Req was made | / 
15.12.2024, 14:48:12 - INFO - Req was made | / 
15.12.2024, 14:50:14 - INFO - Req was made | / 
15.12.2024, 14:50:14 - INFO - Req was made | / 
15.12.2024, 14:50:16 - INFO - Req was made | / 
15.12.2024, 14:50:17 - INFO - Req was made | / 
15.12.2024, 14:51:19 - INFO - Req was made | / 
15.12.2024, 14:51:20 - INFO - Req was made | / 
15.12.2024, 14:51:21 - INFO - Req was made | / 
15.12.2024, 14:51:22 - INFO - Req was made | / 
15.12.2024, 14:51:40 - INFO - server.js loaded... 
15.12.2024, 14:51:40 - INFO - Server is running on port: 3030 
15.12.2024, 14:51:44 - INFO - Req was made | / 
15.12.2024, 14:51:44 - INFO - Req was made | / 
15.12.2024, 14:51:46 - INFO - Req was made | / 
15.12.2024, 14:51:47 - INFO - Req was made | / 
15.12.2024, 14:52:00 - INFO - Req was made | / 
15.12.2024, 14:52:04 - INFO - Req was made | / 
15.12.2024, 14:52:05 - INFO - Req was made | / 
15.12.2024, 14:52:06 - INFO - Req was made | / 
15.12.2024, 14:52:08 - INFO - Req was made | / 
15.12.2024, 14:52:10 - INFO - Req was made | / 
15.12.2024, 14:52:26 - INFO - Req was made | / 
15.12.2024, 14:52:26 - INFO - Req was made | / 
15.12.2024, 14:52:47 - INFO - Req was made | / 
15.12.2024, 14:52:48 - INFO - Req was made | / 
15.12.2024, 14:53:17 - INFO - Req was made | / 
15.12.2024, 14:53:18 - INFO - Req was made | / 
15.12.2024, 14:53:33 - INFO - Req was made | / 
15.12.2024, 14:53:33 - INFO - Req was made | / 
15.12.2024, 14:53:36 - INFO - Req was made | / 
15.12.2024, 14:53:44 - INFO - Req was made | / 
15.12.2024, 14:53:45 - INFO - Req was made | / 
15.12.2024, 14:53:46 - INFO - Req was made | / 
15.12.2024, 14:53:47 - INFO - Req was made | / 
15.12.2024, 14:53:49 - INFO - Req was made | / 
15.12.2024, 14:53:51 - INFO - Req was made | / 
15.12.2024, 14:53:51 - INFO - Req was made | / 
15.12.2024, 14:53:54 - INFO - Req was made | / 
15.12.2024, 14:53:54 - INFO - Req was made | / 
15.12.2024, 14:53:55 - INFO - Req was made | / 
15.12.2024, 15:11:38 - INFO - Req was made | / 
15.12.2024, 15:11:40 - INFO - Req was made | / 
15.12.2024, 15:12:01 - INFO - Req was made | / 
15.12.2024, 15:12:01 - INFO - Req was made | / 
15.12.2024, 16:14:47 - INFO - Req was made | / 
15.12.2024, 16:14:47 - INFO - Req was made | / 
15.12.2024, 16:14:52 - INFO - Req was made | / 
15.12.2024, 16:14:55 - INFO - Req was made | / 
15.12.2024, 16:14:57 - INFO - Req was made | / 
15.12.2024, 16:15:01 - INFO - Req was made | / 
15.12.2024, 16:15:05 - INFO - Req was made | / 
15.12.2024, 16:15:08 - INFO - Req was made | / 
15.12.2024, 16:15:09 - INFO - Req was made | / 
15.12.2024, 16:15:10 - INFO - Req was made | / 
15.12.2024, 16:15:11 - INFO - Req was made | / 
15.12.2024, 16:15:13 - INFO - Req was made | / 
15.12.2024, 16:15:14 - INFO - Req was made | / 
15.12.2024, 16:15:14 - INFO - Req was made | / 
15.12.2024, 16:15:15 - INFO - Req was made | / 
15.12.2024, 16:15:16 - INFO - Req was made | / 
15.12.2024, 16:15:17 - INFO - Req was made | / 
15.12.2024, 16:15:17 - INFO - Req was made | / 
15.12.2024, 16:15:21 - INFO - Req was made | / 
15.12.2024, 16:15:22 - INFO - Req was made | / 
15.12.2024, 16:15:24 - INFO - Req was made | / 
15.12.2024, 16:15:24 - INFO - Req was made | / 
15.12.2024, 16:15:25 - INFO - Req was made | / 
15.12.2024, 16:15:27 - INFO - Req was made | / 
15.12.2024, 16:15:28 - INFO - Req was made | / 
15.12.2024, 16:15:30 - INFO - Req was made | / 
15.12.2024, 16:15:31 - INFO - Req was made | / 
15.12.2024, 16:15:33 - INFO - Req was made | / 
15.12.2024, 16:15:34 - INFO - Req was made | / 
15.12.2024, 16:15:35 - INFO - Req was made | / 
15.12.2024, 16:15:36 - INFO - Req was made | / 
15.12.2024, 16:15:37 - INFO - Req was made | / 
15.12.2024, 16:15:38 - INFO - Req was made | / 
15.12.2024, 16:15:40 - INFO - Req was made | / 
15.12.2024, 16:16:37 - INFO - Req was made | / 
15.12.2024, 16:16:37 - INFO - Req was made | / 
15.12.2024, 16:16:40 - INFO - Req was made | / 
15.12.2024, 16:16:46 - INFO - Req was made | / 
15.12.2024, 16:16:47 - INFO - Req was made | / 
15.12.2024, 16:16:48 - INFO - Req was made | / 
15.12.2024, 16:16:49 - INFO - Req was made | / 
15.12.2024, 16:16:50 - INFO - Req was made | / 
15.12.2024, 16:16:52 - INFO - Req was made | / 
15.12.2024, 16:16:53 - INFO - Req was made | / 
15.12.2024, 16:16:54 - INFO - Req was made | / 
15.12.2024, 16:16:55 - INFO - Req was made | / 
15.12.2024, 16:16:56 - INFO - Req was made | / 
15.12.2024, 16:16:57 - INFO - Req was made | / 
15.12.2024, 16:16:59 - INFO - Req was made | / 
15.12.2024, 16:17:00 - INFO - Req was made | / 
15.12.2024, 16:17:02 - INFO - Req was made | / 
15.12.2024, 16:17:02 - INFO - Req was made | / 
15.12.2024, 16:33:23 - INFO - Req was made | / 
15.12.2024, 16:33:23 - INFO - Req was made | / 
15.12.2024, 16:34:01 - INFO - Req was made | / 
15.12.2024, 17:51:05 - INFO - server.js loaded... 
15.12.2024, 17:51:05 - INFO - Server is running on port: 3030 
16.12.2024, 14:43:28 - INFO - server.js loaded... 
16.12.2024, 14:43:28 - INFO - Server is running on port: 3030 
16.12.2024, 14:43:34 - INFO - Req was made | / 
16.12.2024, 14:43:34 - INFO - Req was made | / 
16.12.2024, 14:43:49 - INFO - Req was made | / 
16.12.2024, 14:43:50 - INFO - Req was made | / 
16.12.2024, 14:43:51 - INFO - Req was made | / 
16.12.2024, 15:43:04 - INFO - Req was made | / 
16.12.2024, 15:43:04 - INFO - Req was made | / 
16.12.2024, 15:43:11 - INFO - Req was made | / 
16.12.2024, 15:43:11 - INFO - Req was made | / 
16.12.2024, 15:43:19 - INFO - Req was made | / 
16.12.2024, 15:43:19 - INFO - Req was made | / 
16.12.2024, 15:51:31 - INFO - Req was made | / 
16.12.2024, 15:52:34 - INFO - Req was made | / 
16.12.2024, 15:54:11 - DEBUG - auth.service - login with username: admin 
16.12.2024, 15:54:11 - INFO - User login:  | {"_id":"675b1203ce2a78329776cb60","username":"admin","fullname":"admin admin","score":0,"isAdmin":true} 
16.12.2024, 15:54:26 - INFO - Req was made | / 
16.12.2024, 15:54:26 - INFO - Req was made | / 
16.12.2024, 15:57:20 - INFO - Req was made | / 
16.12.2024, 15:57:21 - INFO - Req was made | / 
16.12.2024, 15:57:24 - INFO - Req was made | / 
16.12.2024, 15:57:25 - INFO - Req was made | / 
16.12.2024, 15:58:08 - INFO - Req was made | / 
16.12.2024, 15:58:09 - INFO - Req was made | / 
16.12.2024, 15:58:10 - INFO - Req was made | / 
16.12.2024, 15:58:10 - INFO - Req was made | / 
16.12.2024, 16:00:10 - INFO - Req was made | / 
16.12.2024, 16:00:11 - INFO - Req was made | / 
16.12.2024, 16:01:03 - INFO - Req was made | / 
16.12.2024, 16:01:04 - INFO - Req was made | / 
16.12.2024, 16:01:05 - INFO - Req was made | / 
16.12.2024, 16:01:05 - INFO - Req was made | / 
16.12.2024, 16:01:57 - INFO - Req was made | / 
16.12.2024, 16:01:57 - INFO - Req was made | / 
16.12.2024, 16:02:41 - INFO - Req was made | / 
16.12.2024, 16:02:41 - INFO - Req was made | / 
16.12.2024, 16:03:09 - INFO - Req was made | / 
16.12.2024, 16:03:10 - INFO - Req was made | / 
16.12.2024, 16:03:11 - INFO - Req was made | / 
16.12.2024, 16:03:11 - INFO - Req was made | / 
16.12.2024, 16:03:15 - INFO - Req was made | / 
16.12.2024, 16:03:15 - INFO - Req was made | / 
16.12.2024, 16:03:17 - INFO - Req was made | / 
16.12.2024, 16:03:17 - INFO - Req was made | / 
16.12.2024, 16:03:30 - INFO - Req was made | / 
16.12.2024, 16:04:02 - INFO - Req was made | / 
16.12.2024, 16:04:02 - INFO - Req was made | / 
16.12.2024, 16:07:50 - INFO - Req was made | / 
16.12.2024, 16:07:51 - INFO - Req was made | / 
16.12.2024, 16:08:28 - INFO - Req was made | / 
16.12.2024, 16:16:28 - INFO - Req was made | / 
16.12.2024, 16:16:29 - INFO - Req was made | / 
16.12.2024, 16:16:29 - INFO - Req was made | / 
16.12.2024, 16:16:30 - INFO - Req was made | / 
16.12.2024, 16:16:32 - INFO - Req was made | / 
16.12.2024, 16:16:32 - INFO - Req was made | / 
16.12.2024, 16:16:33 - INFO - Req was made | / 
16.12.2024, 16:16:33 - INFO - Req was made | / 
16.12.2024, 16:16:54 - INFO - Req was made | / 
16.12.2024, 16:16:54 - INFO - Req was made | / 
16.12.2024, 16:17:05 - INFO - Req was made | / 
16.12.2024, 16:17:06 - INFO - Req was made | / 
16.12.2024, 16:17:09 - INFO - Req was made | / 
16.12.2024, 16:17:10 - INFO - Req was made | / 
16.12.2024, 16:17:36 - INFO - Req was made | / 
16.12.2024, 16:17:37 - INFO - Req was made | / 
16.12.2024, 16:18:01 - INFO - Req was made | / 
16.12.2024, 16:18:02 - INFO - Req was made | / 
16.12.2024, 16:18:05 - INFO - Req was made | / 
16.12.2024, 16:18:05 - INFO - Req was made | / 
16.12.2024, 16:18:10 - INFO - Req was made | / 
16.12.2024, 16:18:11 - INFO - Req was made | / 
16.12.2024, 16:18:28 - INFO - Req was made | / 
16.12.2024, 16:18:28 - INFO - Req was made | / 
16.12.2024, 16:18:31 - INFO - Req was made | / 
16.12.2024, 16:18:31 - INFO - Req was made | / 
16.12.2024, 16:18:33 - INFO - Req was made | / 
16.12.2024, 16:18:34 - INFO - Req was made | / 
16.12.2024, 16:19:46 - INFO - Req was made | / 
16.12.2024, 16:20:54 - INFO - Req was made | / 
16.12.2024, 16:21:06 - INFO - Req was made | / 
16.12.2024, 16:29:03 - INFO - Req was made | / 
16.12.2024, 16:29:04 - INFO - Req was made | / 
16.12.2024, 16:29:09 - INFO - Req was made | / 
16.12.2024, 16:29:09 - INFO - Req was made | / 
16.12.2024, 16:29:14 - INFO - Req was made | / 
16.12.2024, 16:29:15 - INFO - Req was made | / 
16.12.2024, 16:29:18 - INFO - Req was made | / 
16.12.2024, 16:29:18 - INFO - Req was made | / 
16.12.2024, 16:29:23 - INFO - Req was made | / 
16.12.2024, 16:29:24 - INFO - Req was made | / 
16.12.2024, 16:29:27 - INFO - Req was made | / 
16.12.2024, 16:29:29 - INFO - Req was made | / 
16.12.2024, 16:29:33 - INFO - Req was made | / 
16.12.2024, 16:29:34 - INFO - Req was made | / 
16.12.2024, 16:31:34 - INFO - Req was made | / 
16.12.2024, 16:31:34 - INFO - Req was made | / 
16.12.2024, 16:40:00 - INFO - Req was made | / 
16.12.2024, 16:40:00 - INFO - Req was made | / 
16.12.2024, 16:40:07 - INFO - Req was made | / 
16.12.2024, 16:40:08 - INFO - Req was made | / 
16.12.2024, 16:58:28 - INFO - Req was made | / 
16.12.2024, 16:58:28 - INFO - Req was made | / 
16.12.2024, 16:58:37 - INFO - Req was made | / 
16.12.2024, 16:58:37 - INFO - Req was made | / 
16.12.2024, 17:00:43 - INFO - Req was made | / 
16.12.2024, 17:00:44 - INFO - Req was made | / 
16.12.2024, 17:00:51 - INFO - Req was made | / 
16.12.2024, 17:00:51 - INFO - Req was made | / 
16.12.2024, 17:01:23 - INFO - Req was made | / 
16.12.2024, 17:01:24 - INFO - Req was made | / 
16.12.2024, 17:01:27 - INFO - Req was made | / 
16.12.2024, 17:01:27 - INFO - Req was made | / 
16.12.2024, 17:01:35 - INFO - Req was made | / 
16.12.2024, 17:01:35 - INFO - Req was made | / 
16.12.2024, 17:01:36 - INFO - Req was made | / 
16.12.2024, 17:01:36 - INFO - Req was made | / 
16.12.2024, 17:01:37 - INFO - Req was made | / 
16.12.2024, 17:01:38 - INFO - Req was made | / 
16.12.2024, 17:06:21 - INFO - Req was made | / 
16.12.2024, 17:06:21 - INFO - Req was made | / 
16.12.2024, 17:06:29 - INFO - Req was made | / 
16.12.2024, 17:06:29 - INFO - Req was made | / 
16.12.2024, 17:07:13 - INFO - Req was made | / 
16.12.2024, 17:07:13 - INFO - Req was made | / 
16.12.2024, 17:07:24 - INFO - Req was made | / 
16.12.2024, 17:07:25 - INFO - Req was made | / 
16.12.2024, 17:07:35 - INFO - Req was made | / 
16.12.2024, 17:07:35 - INFO - Req was made | / 
16.12.2024, 17:07:38 - INFO - Req was made | / 
16.12.2024, 17:07:39 - INFO - Req was made | / 
16.12.2024, 17:07:53 - INFO - Req was made | / 
16.12.2024, 17:07:53 - INFO - Req was made | / 
16.12.2024, 17:08:11 - INFO - Req was made | / 
16.12.2024, 17:08:11 - INFO - Req was made | / 
16.12.2024, 17:08:18 - INFO - Req was made | / 
16.12.2024, 17:08:21 - INFO - Req was made | / 
16.12.2024, 17:08:21 - INFO - Req was made | / 
16.12.2024, 17:08:30 - INFO - Req was made | / 
16.12.2024, 17:08:30 - INFO - Req was made | / 
16.12.2024, 17:09:14 - INFO - Req was made | / 
16.12.2024, 17:09:15 - INFO - Req was made | / 
16.12.2024, 17:09:16 - INFO - Req was made | / 
16.12.2024, 17:09:16 - INFO - Req was made | / 
16.12.2024, 17:09:19 - INFO - Req was made | / 
16.12.2024, 17:09:19 - INFO - Req was made | / 
16.12.2024, 17:09:24 - INFO - Req was made | / 
16.12.2024, 17:09:26 - INFO - Req was made | / 
16.12.2024, 17:09:26 - INFO - Req was made | / 
16.12.2024, 17:09:28 - INFO - Req was made | / 
16.12.2024, 17:09:28 - INFO - Req was made | / 
16.12.2024, 17:09:30 - INFO - Req was made | / 
16.12.2024, 17:09:37 - INFO - Req was made | / 
16.12.2024, 17:09:38 - INFO - Req was made | / 
16.12.2024, 17:16:22 - INFO - Req was made | / 
16.12.2024, 17:16:23 - INFO - Req was made | / 
16.12.2024, 17:16:30 - INFO - Req was made | / 
16.12.2024, 17:16:31 - INFO - Req was made | / 
16.12.2024, 17:17:07 - INFO - Req was made | / 
16.12.2024, 17:17:09 - INFO - Req was made | / 
16.12.2024, 17:17:13 - INFO - Req was made | / 
16.12.2024, 17:17:13 - INFO - Req was made | / 
16.12.2024, 17:17:16 - INFO - Req was made | / 
16.12.2024, 17:17:16 - INFO - Req was made | / 
16.12.2024, 17:17:17 - INFO - Req was made | / 
16.12.2024, 17:17:17 - INFO - Req was made | / 
16.12.2024, 17:17:19 - INFO - Req was made | / 
16.12.2024, 17:17:22 - INFO - Req was made | / 
16.12.2024, 17:17:22 - INFO - Req was made | / 
16.12.2024, 17:17:25 - INFO - Req was made | / 
16.12.2024, 17:17:25 - INFO - Req was made | / 
16.12.2024, 17:17:29 - INFO - Req was made | / 
16.12.2024, 17:17:31 - INFO - Req was made | / 
16.12.2024, 17:17:32 - INFO - Req was made | / 
16.12.2024, 17:17:53 - INFO - Req was made | / 
16.12.2024, 17:18:15 - INFO - Req was made | / 
16.12.2024, 17:18:36 - INFO - Req was made | / 
16.12.2024, 17:18:37 - INFO - Req was made | / 
16.12.2024, 17:18:37 - INFO - Req was made | / 
16.12.2024, 17:20:31 - INFO - Req was made | / 
16.12.2024, 17:21:08 - INFO - Req was made | / 
16.12.2024, 17:21:16 - INFO - Req was made | / 
16.12.2024, 17:21:20 - INFO - Req was made | / 
16.12.2024, 17:21:20 - INFO - Req was made | / 
16.12.2024, 17:21:39 - INFO - Req was made | / 
16.12.2024, 17:21:40 - INFO - Req was made | / 
16.12.2024, 17:21:43 - INFO - Req was made | / 
16.12.2024, 17:21:43 - INFO - Req was made | / 
16.12.2024, 17:21:50 - INFO - Req was made | / 
16.12.2024, 17:21:51 - INFO - Req was made | / 
16.12.2024, 17:27:10 - INFO - Req was made | / 
16.12.2024, 17:27:10 - INFO - Req was made | / 
16.12.2024, 17:27:18 - INFO - Req was made | / 
16.12.2024, 17:27:19 - INFO - Req was made | / 
16.12.2024, 17:27:21 - INFO - Req was made | / 
16.12.2024, 17:27:21 - INFO - Req was made | / 
16.12.2024, 17:34:09 - INFO - server.js loaded... 
16.12.2024, 17:34:09 - INFO - Server is running on port: 3030 
16.12.2024, 17:34:24 - INFO - Req was made | / 
16.12.2024, 17:34:24 - INFO - Req was made | / 
16.12.2024, 17:35:14 - INFO - server.js loaded... 
16.12.2024, 17:35:14 - INFO - Server is running on port: 3030 
16.12.2024, 17:35:19 - INFO - server.js loaded... 
16.12.2024, 17:35:19 - INFO - Server is running on port: 3030 
16.12.2024, 17:35:25 - INFO - Req was made | / 
16.12.2024, 17:35:26 - ERROR - cannot find toys | ReferenceError: logger is not defined 
16.12.2024, 17:35:26 - ERROR - Failed to get toys | ReferenceError: logger is not defined 
16.12.2024, 17:35:26 - INFO - Req was made | / 
16.12.2024, 17:35:27 - ERROR - cannot find toys | ReferenceError: logger is not defined 
16.12.2024, 17:35:27 - ERROR - Failed to get toys | ReferenceError: logger is not defined 
16.12.2024, 17:35:56 - INFO - server.js loaded... 
16.12.2024, 17:35:56 - INFO - Server is running on port: 3030 
16.12.2024, 17:35:59 - INFO - Req was made | / 
16.12.2024, 17:36:00 - ERROR - cannot find toys | ReferenceError: logger is not defined 
16.12.2024, 17:36:00 - ERROR - Failed to get toys | ReferenceError: logger is not defined 
16.12.2024, 17:36:00 - INFO - Req was made | / 
16.12.2024, 17:36:01 - ERROR - cannot find toys | ReferenceError: logger is not defined 
16.12.2024, 17:36:01 - ERROR - Failed to get toys | ReferenceError: logger is not defined 
16.12.2024, 17:36:07 - INFO - server.js loaded... 
16.12.2024, 17:36:07 - INFO - Server is running on port: 3030 
16.12.2024, 17:37:04 - INFO - server.js loaded... 
16.12.2024, 17:37:04 - INFO - Server is running on port: 3030 
16.12.2024, 17:37:08 - INFO - Req was made | / 
16.12.2024, 17:37:08 - INFO - Req was made | / 
16.12.2024, 17:50:28 - INFO - server.js loaded... 
16.12.2024, 17:50:28 - INFO - Server is running on port: 3030 
16.12.2024, 17:50:43 - INFO - server.js loaded... 
16.12.2024, 17:50:43 - INFO - Server is running on port: 3030 
16.12.2024, 17:51:00 - INFO - Req was made | / 
16.12.2024, 17:51:00 - INFO - Req was made | / 
16.12.2024, 17:51:04 - INFO - Req was made | / 
16.12.2024, 17:51:04 - INFO - Req was made | / 
16.12.2024, 17:51:07 - INFO - Req was made | / 
16.12.2024, 17:52:05 - INFO - Req was made | / 
16.12.2024, 17:52:06 - INFO - Req was made | / 
16.12.2024, 17:55:26 - INFO - Req was made | / 
16.12.2024, 17:55:27 - INFO - Req was made | / 
17.12.2024, 15:18:34 - INFO - server.js loaded... 
17.12.2024, 15:18:34 - INFO - Server is running on port: 3030 
17.12.2024, 15:24:30 - INFO - Req was made | / 
17.12.2024, 15:24:31 - INFO - Req was made | / 
17.12.2024, 15:24:34 - INFO - Req was made | / 
17.12.2024, 15:24:35 - INFO - Req was made | / 
17.12.2024, 15:24:51 - INFO - Req was made | / 
17.12.2024, 15:24:51 - INFO - Req was made | / 
17.12.2024, 15:24:55 - INFO - Req was made | / 
17.12.2024, 15:24:55 - INFO - Req was made | / 
17.12.2024, 15:24:57 - INFO - Req was made | / 
17.12.2024, 15:24:58 - INFO - Req was made | / 
17.12.2024, 15:24:59 - INFO - Req was made | / 
17.12.2024, 15:24:59 - INFO - Req was made | / 
17.12.2024, 15:25:05 - INFO - Req was made | / 
17.12.2024, 15:25:05 - INFO - Req was made | / 
17.12.2024, 15:25:08 - INFO - Req was made | / 
17.12.2024, 15:25:08 - INFO - Req was made | / 
17.12.2024, 15:25:10 - INFO - Req was made | / 
17.12.2024, 15:25:10 - INFO - Req was made | / 
17.12.2024, 15:25:33 - INFO - Req was made | / 
17.12.2024, 15:25:34 - INFO - Req was made | / 
17.12.2024, 15:25:38 - INFO - Req was made | / 
17.12.2024, 15:25:38 - INFO - Req was made | / 
17.12.2024, 15:29:32 - INFO - Req was made | / 
17.12.2024, 15:29:32 - INFO - Req was made | / 
17.12.2024, 15:33:51 - INFO - Req was made | / 
17.12.2024, 15:33:51 - INFO - Req was made | / 
17.12.2024, 15:33:54 - INFO - Req was made | / 
17.12.2024, 15:33:54 - INFO - Req was made | / 
17.12.2024, 15:35:52 - INFO - Req was made | / 
17.12.2024, 15:35:52 - INFO - Req was made | / 
17.12.2024, 15:36:09 - INFO - Req was made | / 
17.12.2024, 15:36:09 - INFO - Req was made | / 
17.12.2024, 15:36:34 - INFO - Req was made | / 
17.12.2024, 15:36:34 - INFO - Req was made | / 
17.12.2024, 15:36:57 - INFO - Req was made | / 
17.12.2024, 15:36:57 - INFO - Req was made | / 
17.12.2024, 15:37:15 - INFO - Req was made | / 
17.12.2024, 15:37:16 - INFO - Req was made | / 
17.12.2024, 15:37:17 - INFO - Req was made | / 
17.12.2024, 15:38:05 - INFO - Req was made | / 
17.12.2024, 15:38:05 - INFO - Req was made | / 
17.12.2024, 15:39:15 - INFO - Req was made | / 
17.12.2024, 15:39:15 - INFO - Req was made | / 
17.12.2024, 15:40:11 - INFO - Req was made | / 
17.12.2024, 15:40:11 - INFO - Req was made | / 
17.12.2024, 15:40:20 - INFO - Req was made | / 
17.12.2024, 15:40:20 - INFO - Req was made | / 
17.12.2024, 15:40:55 - INFO - Req was made | / 
17.12.2024, 15:40:56 - INFO - Req was made | / 
17.12.2024, 15:44:34 - DEBUG - auth.service - login with username: admin 
17.12.2024, 15:44:34 - INFO - User login:  | {"_id":"675b1203ce2a78329776cb60","username":"admin","fullname":"admin admin","score":0,"isAdmin":true} 
17.12.2024, 15:44:37 - INFO - Req was made | / 
17.12.2024, 15:44:37 - INFO - Req was made | / 
17.12.2024, 15:44:39 - INFO - Req was made | / 
17.12.2024, 15:44:40 - INFO - Req was made | / 
17.12.2024, 15:44:54 - INFO - Req was made | / 
17.12.2024, 15:44:56 - INFO - Req was made | / 
17.12.2024, 15:44:56 - INFO - Req was made | / 
17.12.2024, 15:45:03 - INFO - Req was made | / 
17.12.2024, 15:45:46 - INFO - Req was made | / 
17.12.2024, 15:45:46 - INFO - Req was made | / 
17.12.2024, 15:45:59 - INFO - Req was made | / 
17.12.2024, 15:45:59 - INFO - Req was made | / 
17.12.2024, 15:47:03 - INFO - Req was made | / 
17.12.2024, 15:47:04 - INFO - Req was made | / 
17.12.2024, 15:50:01 - INFO - Req was made | / 
17.12.2024, 15:50:02 - INFO - Req was made | / 
17.12.2024, 15:50:04 - INFO - Req was made | / 
17.12.2024, 15:50:06 - INFO - Req was made | / 
17.12.2024, 15:50:07 - INFO - Req was made | / 
17.12.2024, 15:50:21 - INFO - Req was made | / 
17.12.2024, 15:50:21 - INFO - Req was made | / 
17.12.2024, 15:50:45 - INFO - Req was made | / 
17.12.2024, 15:50:46 - INFO - Req was made | / 
17.12.2024, 15:51:14 - INFO - Req was made | / 
17.12.2024, 15:51:14 - INFO - Req was made | / 
17.12.2024, 15:51:40 - INFO - Req was made | / 
17.12.2024, 15:51:40 - INFO - Req was made | / 
17.12.2024, 15:52:02 - INFO - Req was made | / 
17.12.2024, 15:52:02 - INFO - Req was made | / 
17.12.2024, 15:52:56 - INFO - Req was made | / 
17.12.2024, 15:52:57 - INFO - Req was made | / 
17.12.2024, 15:56:49 - INFO - Req was made | / 
17.12.2024, 15:56:49 - INFO - Req was made | / 
17.12.2024, 15:58:46 - INFO - Req was made | / 
17.12.2024, 15:58:46 - INFO - Req was made | / 
17.12.2024, 15:58:47 - INFO - Req was made | / 
17.12.2024, 15:58:49 - INFO - Req was made | / 
17.12.2024, 15:58:50 - INFO - Req was made | / 
17.12.2024, 15:58:50 - INFO - Req was made | / 
17.12.2024, 15:58:52 - INFO - Req was made | / 
17.12.2024, 15:58:52 - INFO - Req was made | / 
17.12.2024, 15:58:54 - INFO - Req was made | / 
17.12.2024, 15:58:55 - INFO - Req was made | / 
17.12.2024, 15:58:55 - INFO - Req was made | / 
17.12.2024, 15:58:57 - INFO - Req was made | / 
17.12.2024, 15:59:01 - INFO - Req was made | / 
17.12.2024, 15:59:01 - INFO - Req was made | / 
17.12.2024, 15:59:03 - INFO - Req was made | / 
17.12.2024, 15:59:03 - INFO - Req was made | / 
17.12.2024, 15:59:07 - INFO - Req was made | / 
17.12.2024, 15:59:07 - INFO - Req was made | / 
17.12.2024, 15:59:11 - INFO - Req was made | / 
17.12.2024, 15:59:11 - INFO - Req was made | / 
17.12.2024, 15:59:18 - INFO - Req was made | / 
17.12.2024, 15:59:21 - INFO - Req was made | / 
17.12.2024, 15:59:22 - INFO - Req was made | / 
17.12.2024, 15:59:24 - INFO - Req was made | / 
17.12.2024, 15:59:28 - INFO - Req was made | / 
17.12.2024, 15:59:29 - INFO - Req was made | / 
17.12.2024, 15:59:30 - INFO - Req was made | / 
17.12.2024, 15:59:30 - INFO - Req was made | / 
17.12.2024, 15:59:31 - INFO - Req was made | / 
17.12.2024, 15:59:32 - INFO - Req was made | / 
17.12.2024, 15:59:33 - INFO - Req was made | / 
17.12.2024, 15:59:34 - INFO - Req was made | / 
17.12.2024, 15:59:35 - INFO - Req was made | / 
17.12.2024, 15:59:35 - INFO - Req was made | / 
17.12.2024, 15:59:36 - INFO - Req was made | / 
17.12.2024, 15:59:36 - INFO - Req was made | / 
17.12.2024, 15:59:37 - INFO - Req was made | / 
17.12.2024, 15:59:37 - INFO - Req was made | / 
17.12.2024, 16:01:09 - INFO - Req was made | / 
17.12.2024, 16:01:09 - INFO - Req was made | / 
17.12.2024, 16:01:20 - INFO - Req was made | / 
17.12.2024, 16:01:20 - INFO - Req was made | / 
17.12.2024, 16:04:12 - INFO - Req was made | / 
17.12.2024, 16:04:12 - INFO - Req was made | / 
17.12.2024, 16:04:25 - INFO - Req was made | / 
17.12.2024, 16:04:25 - INFO - Req was made | / 
17.12.2024, 16:04:27 - INFO - Req was made | / 
17.12.2024, 16:04:33 - INFO - Req was made | / 
17.12.2024, 16:04:34 - INFO - Req was made | / 
17.12.2024, 16:28:45 - INFO - Req was made | / 
17.12.2024, 16:28:46 - INFO - Req was made | / 
17.12.2024, 16:35:47 - INFO - Req was made | / 
17.12.2024, 16:35:47 - INFO - Req was made | / 
17.12.2024, 16:35:53 - INFO - Req was made | / 
17.12.2024, 16:35:54 - INFO - Req was made | / 
17.12.2024, 16:36:13 - INFO - Req was made | / 
17.12.2024, 16:36:13 - INFO - Req was made | / 
17.12.2024, 16:36:15 - INFO - Req was made | / 
17.12.2024, 16:36:16 - INFO - Req was made | / 
17.12.2024, 16:37:12 - INFO - Req was made | / 
17.12.2024, 16:37:12 - INFO - Req was made | / 
17.12.2024, 16:37:32 - INFO - Req was made | / 
17.12.2024, 16:37:33 - INFO - Req was made | / 
17.12.2024, 16:37:43 - INFO - Req was made | / 
17.12.2024, 16:37:43 - INFO - Req was made | / 
17.12.2024, 16:37:47 - INFO - Req was made | / 
17.12.2024, 16:37:48 - INFO - Req was made | / 
17.12.2024, 16:37:52 - INFO - Req was made | / 
17.12.2024, 16:37:53 - INFO - Req was made | / 
17.12.2024, 16:37:56 - INFO - Req was made | / 
17.12.2024, 16:37:57 - INFO - Req was made | / 
17.12.2024, 16:37:58 - INFO - Req was made | / 
17.12.2024, 16:37:59 - INFO - Req was made | / 
17.12.2024, 16:38:00 - INFO - Req was made | / 
17.12.2024, 16:38:01 - INFO - Req was made | / 
17.12.2024, 16:38:01 - INFO - Req was made | / 
17.12.2024, 16:38:02 - INFO - Req was made | / 
17.12.2024, 16:38:02 - INFO - Req was made | / 
17.12.2024, 16:38:03 - INFO - Req was made | / 
17.12.2024, 16:38:04 - INFO - Req was made | / 
17.12.2024, 16:38:04 - INFO - Req was made | / 
17.12.2024, 16:38:05 - INFO - Req was made | / 
17.12.2024, 16:38:06 - INFO - Req was made | / 
17.12.2024, 16:38:08 - INFO - Req was made | / 
17.12.2024, 16:38:11 - INFO - Req was made | / 
17.12.2024, 16:38:14 - INFO - Req was made | / 
17.12.2024, 16:38:16 - INFO - Req was made | / 
17.12.2024, 16:38:17 - INFO - Req was made | / 
17.12.2024, 16:38:19 - INFO - Req was made | / 
17.12.2024, 16:38:19 - INFO - Req was made | / 
17.12.2024, 16:47:11 - INFO - Req was made | / 
17.12.2024, 16:47:12 - INFO - Req was made | / 
17.12.2024, 16:56:40 - INFO - Req was made | / 
17.12.2024, 16:56:41 - INFO - Req was made | / 
17.12.2024, 16:56:41 - INFO - Req was made | / 
17.12.2024, 16:56:51 - INFO - Req was made | / 
17.12.2024, 16:56:51 - INFO - Req was made | / 
17.12.2024, 16:56:57 - INFO - Req was made | / 
17.12.2024, 16:56:58 - INFO - Req was made | / 
17.12.2024, 16:57:49 - INFO - Req was made | / 
17.12.2024, 16:57:50 - INFO - Req was made | / 
17.12.2024, 16:57:52 - INFO - Req was made | / 
17.12.2024, 16:57:52 - INFO - Req was made | / 
17.12.2024, 16:58:07 - INFO - Req was made | / 
17.12.2024, 16:58:07 - INFO - Req was made | / 
17.12.2024, 16:58:15 - INFO - Req was made | / 
17.12.2024, 16:58:16 - INFO - Req was made | / 
17.12.2024, 17:03:18 - INFO - Req was made | / 
17.12.2024, 17:03:18 - INFO - Req was made | / 
17.12.2024, 17:03:20 - INFO - Req was made | / 
17.12.2024, 17:03:21 - INFO - Req was made | / 
17.12.2024, 17:24:52 - INFO - Req was made | / 
17.12.2024, 17:24:53 - INFO - Req was made | / 
17.12.2024, 17:32:46 - INFO - Req was made | / 
17.12.2024, 17:32:46 - INFO - Req was made | / 
17.12.2024, 17:32:53 - INFO - Req was made | / 
17.12.2024, 17:32:53 - INFO - Req was made | / 
17.12.2024, 17:51:27 - INFO - server.js loaded... 
17.12.2024, 17:51:27 - INFO - Server is running on port: 3030 
17.12.2024, 17:51:39 - INFO - Req was made | / 
17.12.2024, 17:51:39 - INFO - Req was made | / 
17.12.2024, 17:51:44 - INFO - Req was made | / 
17.12.2024, 17:51:45 - INFO - Req was made | / 
17.12.2024, 17:54:47 - INFO - Req was made | / 
17.12.2024, 17:54:47 - INFO - Req was made | / 
17.12.2024, 17:54:49 - INFO - Req was made | / 
17.12.2024, 17:54:49 - INFO - Req was made | / 
17.12.2024, 17:54:58 - INFO - Req was made | / 
17.12.2024, 17:54:58 - INFO - Req was made | / 
17.12.2024, 17:55:30 - INFO - Req was made | / 
17.12.2024, 17:55:30 - INFO - Req was made | / 
17.12.2024, 17:55:31 - INFO - Req was made | / 
17.12.2024, 17:55:32 - INFO - Req was made | / 
17.12.2024, 17:55:33 - INFO - Req was made | / 
17.12.2024, 17:55:42 - INFO - Req was made | / 
17.12.2024, 17:55:42 - INFO - Req was made | / 
17.12.2024, 17:55:49 - INFO - Req was made | / 
17.12.2024, 17:55:51 - INFO - Req was made | / 
17.12.2024, 17:55:51 - INFO - Req was made | / 
17.12.2024, 17:55:53 - INFO - Req was made | / 
17.12.2024, 17:56:18 - INFO - Req was made | / 
17.12.2024, 17:56:22 - INFO - Req was made | / 
17.12.2024, 17:57:26 - INFO - Req was made | / 
17.12.2024, 17:57:26 - INFO - Req was made | / 
17.12.2024, 17:58:08 - INFO - Req was made | / 
17.12.2024, 17:58:08 - INFO - Req was made | / 
17.12.2024, 18:00:26 - INFO - Req was made | / 
17.12.2024, 18:00:27 - INFO - Req was made | / 
17.12.2024, 18:00:42 - INFO - Req was made | / 
17.12.2024, 18:00:43 - INFO - Req was made | / 
17.12.2024, 18:00:45 - INFO - Req was made | / 
17.12.2024, 18:00:46 - INFO - Req was made | / 
17.12.2024, 18:00:50 - DEBUG - auth.service - login with username: admin 
17.12.2024, 18:00:50 - INFO - User login:  | {"_id":"675b1203ce2a78329776cb60","username":"admin","fullname":"admin admin","score":0,"isAdmin":true} 
17.12.2024, 18:00:53 - INFO - Req was made | / 
17.12.2024, 18:00:53 - INFO - Req was made | / 
17.12.2024, 18:01:00 - INFO - Req was made | / 
17.12.2024, 18:01:00 - INFO - Req was made | / 
17.12.2024, 18:01:02 - INFO - Req was made | / 
17.12.2024, 18:01:02 - INFO - Req was made | / 
17.12.2024, 18:01:39 - INFO - Req was made | / 
17.12.2024, 18:01:39 - INFO - Req was made | / 
17.12.2024, 18:04:12 - DEBUG - auth.service - login with username: admin 
17.12.2024, 18:04:12 - INFO - User login:  | {"_id":"675b1203ce2a78329776cb60","username":"admin","fullname":"admin admin","score":0,"isAdmin":true} 
17.12.2024, 18:04:15 - INFO - Req was made | / 
17.12.2024, 18:04:15 - INFO - Req was made | / 
17.12.2024, 18:06:25 - INFO - Req was made | / 
17.12.2024, 18:06:25 - INFO - Req was made | / 
17.12.2024, 18:08:04 - INFO - Req was made | / 
17.12.2024, 18:08:05 - INFO - Req was made | / 
17.12.2024, 18:08:21 - INFO - Req was made | / 
17.12.2024, 18:08:21 - INFO - Req was made | / 
17.12.2024, 18:09:01 - INFO - Req was made | / 
17.12.2024, 18:09:02 - INFO - Req was made | / 
17.12.2024, 18:13:26 - INFO - server.js loaded... 
17.12.2024, 18:13:26 - INFO - Server is running on port: 3030 
17.12.2024, 18:14:55 - INFO - server.js loaded... 
17.12.2024, 18:14:55 - INFO - Server is running on port: 3030 
17.12.2024, 18:16:01 - INFO - Req was made | / 
17.12.2024, 18:16:02 - INFO - Req was made | / 
17.12.2024, 18:16:03 - INFO - Req was made | / 
17.12.2024, 18:16:05 - INFO - Req was made | / 
17.12.2024, 18:16:05 - INFO - Req was made | / 
17.12.2024, 18:16:13 - INFO - Req was made | / 
17.12.2024, 18:16:14 - INFO - Req was made | / 
17.12.2024, 18:16:28 - INFO - Req was made | / 
17.12.2024, 18:16:29 - INFO - Req was made | / 
17.12.2024, 18:16:43 - INFO - Req was made | / 
17.12.2024, 18:16:43 - INFO - Req was made | / 
17.12.2024, 18:16:46 - INFO - Req was made | / 
17.12.2024, 18:16:47 - INFO - Req was made | / 
17.12.2024, 18:16:50 - INFO - Req was made | / 
17.12.2024, 18:16:51 - INFO - Req was made | / 
17.12.2024, 18:17:03 - INFO - Req was made | / 
17.12.2024, 18:17:15 - INFO - Req was made | / 
18.12.2024, 17:46:28 - INFO - server.js loaded... 
18.12.2024, 17:46:28 - INFO - Server is running on port: 3030 
18.12.2024, 17:46:49 - INFO - server.js loaded... 
18.12.2024, 17:46:49 - INFO - Server is running on port: 3030 
19.12.2024, 15:30:39 - INFO - server.js loaded... 
19.12.2024, 15:30:40 - INFO - Server is running on port: 3030 
19.12.2024, 15:30:54 - INFO - Req was made | / 
19.12.2024, 15:30:55 - INFO - Req was made | / 
19.12.2024, 15:35:39 - INFO - Req was made | / 
19.12.2024, 15:35:40 - INFO - Req was made | / 
19.12.2024, 15:38:17 - INFO - Req was made | / 
19.12.2024, 15:38:17 - INFO - Req was made | / 
19.12.2024, 15:39:42 - INFO - Req was made | / 
19.12.2024, 15:39:42 - INFO - Req was made | / 
19.12.2024, 15:45:24 - INFO - Req was made | / 
19.12.2024, 15:45:24 - INFO - Req was made | / 
19.12.2024, 15:47:00 - INFO - Req was made | / 
19.12.2024, 15:47:00 - INFO - Req was made | / 
19.12.2024, 15:48:24 - INFO - Req was made | / 
19.12.2024, 15:48:24 - INFO - Req was made | / 
19.12.2024, 15:58:27 - INFO - server.js loaded... 
19.12.2024, 15:58:27 - INFO - Server is running on port: 3030 
19.12.2024, 15:58:33 - INFO - Req was made | / 
19.12.2024, 15:58:34 - INFO - Req was made | / 
19.12.2024, 15:58:37 - INFO - Req was made | / 
19.12.2024, 15:58:39 - INFO - Req was made | / 
19.12.2024, 15:58:41 - INFO - Req was made | / 
19.12.2024, 15:58:43 - INFO - Req was made | / 
19.12.2024, 15:58:45 - INFO - Req was made | / 
19.12.2024, 15:59:21 - INFO - server.js loaded... 
19.12.2024, 15:59:21 - INFO - Server is running on port: 3030 
19.12.2024, 15:59:26 - INFO - Req was made | / 
19.12.2024, 15:59:27 - INFO - Req was made | / 
19.12.2024, 15:59:29 - INFO - Req was made | / 
19.12.2024, 15:59:31 - INFO - Req was made | / 
19.12.2024, 15:59:38 - INFO - Req was made | / 
19.12.2024, 15:59:43 - INFO - Req was made | / 
19.12.2024, 16:01:20 - INFO - Req was made | / 
19.12.2024, 16:01:20 - INFO - Req was made | / 
19.12.2024, 16:01:21 - INFO - Req was made | / 
19.12.2024, 16:01:23 - INFO - Req was made | / 
19.12.2024, 16:01:36 - INFO - Req was made | / 
19.12.2024, 16:01:37 - INFO - Req was made | / 
19.12.2024, 16:01:45 - INFO - Req was made | / 
19.12.2024, 16:01:45 - INFO - Req was made | / 
19.12.2024, 16:02:21 - INFO - server.js loaded... 
19.12.2024, 16:02:21 - INFO - Server is running on port: 3030 
19.12.2024, 16:02:24 - INFO - Req was made | / 
19.12.2024, 16:02:24 - INFO - Req was made | / 
19.12.2024, 16:02:28 - INFO - Req was made | / 
19.12.2024, 16:02:30 - INFO - Req was made | / 
19.12.2024, 16:02:33 - INFO - Req was made | / 
19.12.2024, 16:04:19 - INFO - server.js loaded... 
19.12.2024, 16:04:19 - INFO - Server is running on port: 3030 
19.12.2024, 16:04:23 - INFO - Req was made | / 
19.12.2024, 16:04:23 - INFO - Req was made | / 
19.12.2024, 16:04:25 - INFO - Req was made | / 
19.12.2024, 16:04:27 - INFO - Req was made | / 
19.12.2024, 16:04:29 - INFO - Req was made | / 
19.12.2024, 16:04:31 - INFO - Req was made | / 
19.12.2024, 16:05:44 - INFO - server.js loaded... 
19.12.2024, 16:05:44 - INFO - Server is running on port: 3030 
19.12.2024, 16:05:47 - INFO - Req was made | / 
19.12.2024, 16:05:47 - INFO - Req was made | / 
19.12.2024, 16:05:49 - INFO - Req was made | / 
19.12.2024, 16:05:49 - ERROR - Failed to get toys | SyntaxError: Unexpected token 'B', "Box game" is not valid JSON 
19.12.2024, 16:05:54 - INFO - Req was made | / 
19.12.2024, 16:05:54 - ERROR - Failed to get toys | SyntaxError: Unexpected token 'B', "Box game,Art" is not valid JSON 
19.12.2024, 16:07:27 - INFO - Req was made | / 
19.12.2024, 16:07:27 - INFO - Req was made | / 
19.12.2024, 16:07:29 - INFO - Req was made | / 
19.12.2024, 16:07:29 - ERROR - Failed to get toys | SyntaxError: Unexpected token 'B', "Box game" is not valid JSON 
19.12.2024, 16:07:30 - INFO - Req was made | / 
19.12.2024, 16:07:30 - ERROR - Failed to get toys | SyntaxError: Unexpected token 'B', "Box game,Art" is not valid JSON 
19.12.2024, 16:07:32 - INFO - Req was made | / 
19.12.2024, 16:07:33 - INFO - Req was made | / 
19.12.2024, 16:08:53 - INFO - server.js loaded... 
19.12.2024, 16:08:53 - INFO - Server is running on port: 3030 
19.12.2024, 16:08:58 - INFO - server.js loaded... 
19.12.2024, 16:08:58 - INFO - Server is running on port: 3030 
19.12.2024, 16:09:02 - INFO - Req was made | / 
19.12.2024, 16:09:02 - INFO - Req was made | / 
19.12.2024, 16:09:03 - INFO - Req was made | / 
19.12.2024, 16:09:05 - INFO - Req was made | / 
19.12.2024, 16:09:11 - INFO - Req was made | / 
19.12.2024, 16:09:12 - INFO - Req was made | / 
19.12.2024, 16:10:59 - INFO - server.js loaded... 
19.12.2024, 16:10:59 - INFO - Server is running on port: 3030 
19.12.2024, 16:11:02 - INFO - Req was made | / 
19.12.2024, 16:11:03 - INFO - Req was made | / 
19.12.2024, 16:11:05 - INFO - Req was made | / 
19.12.2024, 16:11:07 - INFO - Req was made | / 
19.12.2024, 16:11:08 - INFO - Req was made | / 
19.12.2024, 16:11:10 - INFO - Req was made | / 
19.12.2024, 16:11:44 - INFO - server.js loaded... 
19.12.2024, 16:11:44 - INFO - Server is running on port: 3030 
19.12.2024, 16:11:49 - INFO - Req was made | / 
19.12.2024, 16:11:50 - INFO - Req was made | / 
19.12.2024, 16:11:51 - INFO - Req was made | / 
19.12.2024, 16:11:53 - INFO - Req was made | / 
19.12.2024, 16:11:55 - INFO - Req was made | / 
19.12.2024, 16:11:56 - INFO - Req was made | / 
19.12.2024, 16:13:46 - INFO - server.js loaded... 
19.12.2024, 16:13:46 - INFO - Server is running on port: 3030 
19.12.2024, 16:14:09 - INFO - server.js loaded... 
19.12.2024, 16:14:09 - INFO - Server is running on port: 3030 
19.12.2024, 16:14:12 - INFO - Req was made | / 
19.12.2024, 16:14:12 - INFO - Req was made | / 
19.12.2024, 16:14:13 - INFO - Req was made | / 
19.12.2024, 16:14:13 - ERROR - Failed to get toys | SyntaxError: Unexpected token 'B', "Box game" is not valid JSON 
19.12.2024, 16:14:15 - INFO - Req was made | / 
19.12.2024, 16:14:15 - ERROR - Failed to get toys | SyntaxError: Unexpected token 'B', "Box game,Art" is not valid JSON 
19.12.2024, 16:14:16 - INFO - Req was made | / 
19.12.2024, 16:14:16 - ERROR - Failed to get toys | SyntaxError: Unexpected token 'B', "Box game,Art,Baby" is not valid JSON 
19.12.2024, 16:15:55 - INFO - server.js loaded... 
19.12.2024, 16:15:55 - INFO - Server is running on port: 3030 
19.12.2024, 16:16:01 - INFO - server.js loaded... 
19.12.2024, 16:16:01 - INFO - Server is running on port: 3030 
19.12.2024, 16:16:07 - INFO - Req was made | / 
19.12.2024, 16:16:07 - INFO - Req was made | / 
19.12.2024, 16:16:09 - INFO - Req was made | / 
19.12.2024, 16:16:09 - ERROR - Failed to get toys | SyntaxError: Unexpected token 'O', "On wheels" is not valid JSON 
19.12.2024, 16:16:14 - INFO - Req was made | / 
19.12.2024, 16:16:14 - ERROR - Failed to get toys | SyntaxError: Unexpected token 'O', "On wheels,Box game" is not valid JSON 
19.12.2024, 16:16:36 - INFO - server.js loaded... 
19.12.2024, 16:16:36 - INFO - Server is running on port: 3030 
19.12.2024, 16:16:39 - INFO - Req was made | / 
19.12.2024, 16:16:39 - INFO - Req was made | / 
19.12.2024, 16:16:42 - INFO - Req was made | / 
19.12.2024, 16:16:42 - ERROR - Failed to get toys | SyntaxError: Unexpected token 'O', "On wheels" is not valid JSON 
19.12.2024, 16:17:20 - INFO - server.js loaded... 
19.12.2024, 16:17:20 - INFO - Server is running on port: 3030 
19.12.2024, 16:17:23 - INFO - Req was made | / 
19.12.2024, 16:17:24 - INFO - Req was made | / 
19.12.2024, 16:17:31 - INFO - Req was made | / 
19.12.2024, 16:17:31 - ERROR - Failed to get toys | ReferenceError: tryParseJSON is not defined 
19.12.2024, 16:18:09 - INFO - server.js loaded... 
19.12.2024, 16:18:09 - INFO - Server is running on port: 3030 
19.12.2024, 16:18:16 - INFO - server.js loaded... 
19.12.2024, 16:18:16 - INFO - Server is running on port: 3030 
19.12.2024, 16:18:20 - INFO - Req was made | / 
19.12.2024, 16:18:20 - INFO - Req was made | / 
19.12.2024, 16:18:21 - INFO - Req was made | / 
19.12.2024, 16:18:24 - INFO - Req was made | / 
19.12.2024, 16:18:26 - INFO - Req was made | / 
19.12.2024, 16:18:40 - INFO - Req was made | / 
19.12.2024, 16:18:43 - INFO - Req was made | / 
19.12.2024, 16:18:43 - INFO - Req was made | / 
19.12.2024, 16:18:51 - INFO - Req was made | / 
19.12.2024, 16:18:54 - INFO - Req was made | / 
19.12.2024, 16:18:56 - INFO - Req was made | / 
19.12.2024, 16:18:56 - INFO - Req was made | / 
19.12.2024, 16:18:59 - INFO - Req was made | / 
19.12.2024, 16:19:05 - INFO - Req was made | / 
19.12.2024, 16:19:06 - INFO - Req was made | / 
19.12.2024, 16:20:15 - INFO - server.js loaded... 
19.12.2024, 16:20:15 - INFO - Server is running on port: 3030 
19.12.2024, 16:20:18 - INFO - server.js loaded... 
19.12.2024, 16:20:18 - INFO - Server is running on port: 3030 
19.12.2024, 16:20:20 - INFO - Req was made | / 
19.12.2024, 16:20:21 - INFO - Req was made | / 
19.12.2024, 16:20:23 - INFO - Req was made | / 
19.12.2024, 16:20:27 - INFO - Req was made | / 
19.12.2024, 16:20:31 - INFO - Req was made | / 
19.12.2024, 16:20:35 - INFO - Req was made | / 
19.12.2024, 16:20:39 - INFO - Req was made | / 
19.12.2024, 16:20:39 - INFO - Req was made | / 
19.12.2024, 16:20:42 - INFO - Req was made | / 
19.12.2024, 16:20:43 - INFO - Req was made | / 
19.12.2024, 16:20:45 - INFO - Req was made | / 
19.12.2024, 16:20:46 - INFO - Req was made | / 
19.12.2024, 16:20:59 - INFO - Req was made | / 
19.12.2024, 16:20:59 - INFO - Req was made | / 
19.12.2024, 16:21:27 - INFO - server.js loaded... 
19.12.2024, 16:21:27 - INFO - Server is running on port: 3030 
19.12.2024, 16:21:29 - INFO - Req was made | / 
19.12.2024, 16:21:30 - INFO - Req was made | / 
19.12.2024, 16:21:31 - INFO - Req was made | / 
19.12.2024, 16:21:31 - ERROR - Failed to get toys | SyntaxError: Unexpected token 'B', "Box game" is not valid JSON 
19.12.2024, 16:21:42 - INFO - Req was made | / 
19.12.2024, 16:21:42 - ERROR - Failed to get toys | SyntaxError: Unexpected token 'B', "Box game,On wheels" is not valid JSON 
19.12.2024, 16:22:12 - INFO - server.js loaded... 
19.12.2024, 16:22:12 - INFO - Server is running on port: 3030 
19.12.2024, 16:22:15 - INFO - Req was made | / 
19.12.2024, 16:22:15 - INFO - Req was made | / 
19.12.2024, 16:22:18 - INFO - Req was made | / 
19.12.2024, 16:22:36 - INFO - server.js loaded... 
19.12.2024, 16:22:36 - INFO - Server is running on port: 3030 
19.12.2024, 16:22:38 - INFO - Req was made | / 
19.12.2024, 16:22:38 - INFO - Req was made | / 
19.12.2024, 16:22:40 - INFO - Req was made | / 
19.12.2024, 16:22:41 - INFO - Req was made | / 
19.12.2024, 16:22:42 - INFO - Req was made | / 
19.12.2024, 16:22:48 - INFO - Req was made | / 
19.12.2024, 16:22:50 - INFO - Req was made | / 
19.12.2024, 16:22:51 - INFO - Req was made | / 
19.12.2024, 16:23:46 - INFO - Req was made | / 
19.12.2024, 16:23:47 - INFO - Req was made | / 
19.12.2024, 16:23:48 - INFO - Req was made | / 
19.12.2024, 16:23:53 - INFO - Req was made | / 
19.12.2024, 16:24:38 - INFO - Req was made | / 
19.12.2024, 16:24:38 - INFO - Req was made | / 
19.12.2024, 16:24:39 - INFO - Req was made | / 
19.12.2024, 16:24:46 - INFO - Req was made | / 
19.12.2024, 16:24:47 - INFO - Req was made | / 
19.12.2024, 16:24:49 - INFO - Req was made | / 
19.12.2024, 16:24:54 - INFO - Req was made | / 
19.12.2024, 16:24:54 - INFO - Req was made | / 
19.12.2024, 16:24:58 - INFO - Req was made | / 
19.12.2024, 16:24:58 - INFO - Req was made | / 
19.12.2024, 16:25:01 - INFO - Req was made | / 
19.12.2024, 16:25:02 - INFO - Req was made | / 
19.12.2024, 16:25:04 - INFO - Req was made | / 
19.12.2024, 16:25:04 - INFO - Req was made | / 
19.12.2024, 16:25:05 - INFO - Req was made | / 
19.12.2024, 16:25:06 - INFO - Req was made | / 
19.12.2024, 16:25:06 - INFO - Req was made | / 
19.12.2024, 16:25:07 - INFO - Req was made | / 
19.12.2024, 16:25:07 - INFO - Req was made | / 
19.12.2024, 16:25:10 - INFO - Req was made | / 
19.12.2024, 16:25:11 - INFO - Req was made | / 
19.12.2024, 16:25:47 - INFO - server.js loaded... 
19.12.2024, 16:25:47 - INFO - Server is running on port: 3030 
19.12.2024, 16:25:57 - INFO - server.js loaded... 
19.12.2024, 16:25:57 - INFO - Server is running on port: 3030 
19.12.2024, 16:26:02 - INFO - Req was made | / 
19.12.2024, 16:26:04 - INFO - Req was made | / 
19.12.2024, 16:26:05 - INFO - Req was made | / 
19.12.2024, 16:26:18 - INFO - server.js loaded... 
19.12.2024, 16:26:18 - INFO - Server is running on port: 3030 
19.12.2024, 16:26:23 - INFO - Req was made | / 
19.12.2024, 16:26:23 - INFO - Req was made | / 
19.12.2024, 16:26:25 - INFO - Req was made | / 
19.12.2024, 16:26:36 - INFO - Req was made | / 
19.12.2024, 16:26:43 - INFO - server.js loaded... 
19.12.2024, 16:26:43 - INFO - Server is running on port: 3030 
19.12.2024, 16:26:48 - INFO - server.js loaded... 
19.12.2024, 16:26:48 - INFO - Server is running on port: 3030 
19.12.2024, 16:26:53 - INFO - Req was made | / 
19.12.2024, 16:26:54 - INFO - Req was made | / 
19.12.2024, 16:26:56 - INFO - Req was made | / 
19.12.2024, 16:28:52 - INFO - server.js loaded... 
19.12.2024, 16:28:52 - INFO - Server is running on port: 3030 
19.12.2024, 16:28:56 - INFO - Req was made | / 
19.12.2024, 16:28:56 - INFO - Req was made | / 
19.12.2024, 16:28:57 - INFO - Req was made | / 
19.12.2024, 16:29:00 - INFO - Req was made | / 
19.12.2024, 16:29:01 - INFO - Req was made | / 
19.12.2024, 16:29:02 - INFO - Req was made | / 
19.12.2024, 16:29:03 - INFO - Req was made | / 
19.12.2024, 16:29:12 - INFO - server.js loaded... 
19.12.2024, 16:29:12 - INFO - Server is running on port: 3030 
19.12.2024, 16:29:13 - INFO - Req was made | / 
19.12.2024, 16:29:14 - INFO - Req was made | / 
19.12.2024, 16:29:16 - INFO - Req was made | / 
19.12.2024, 16:29:17 - INFO - Req was made | / 
19.12.2024, 16:29:20 - INFO - Req was made | / 
19.12.2024, 16:29:22 - INFO - Req was made | / 
19.12.2024, 16:29:30 - INFO - server.js loaded... 
19.12.2024, 16:29:30 - INFO - Server is running on port: 3030 
19.12.2024, 16:29:32 - INFO - Req was made | / 
19.12.2024, 16:29:32 - INFO - Req was made | / 
19.12.2024, 16:29:33 - INFO - Req was made | / 
19.12.2024, 16:29:34 - INFO - Req was made | / 
19.12.2024, 16:29:35 - INFO - Req was made | / 
19.12.2024, 16:29:36 - INFO - Req was made | / 
19.12.2024, 16:29:36 - INFO - Req was made | / 
19.12.2024, 16:29:37 - INFO - Req was made | / 
19.12.2024, 16:29:39 - INFO - Req was made | / 
19.12.2024, 16:29:39 - INFO - Req was made | / 
19.12.2024, 16:29:40 - INFO - Req was made | / 
19.12.2024, 16:29:40 - INFO - Req was made | / 
19.12.2024, 16:29:41 - INFO - Req was made | / 
19.12.2024, 16:29:42 - INFO - Req was made | / 
19.12.2024, 16:29:42 - INFO - Req was made | / 
19.12.2024, 16:29:43 - INFO - Req was made | / 
19.12.2024, 16:29:46 - INFO - Req was made | / 
19.12.2024, 16:29:47 - INFO - Req was made | / 
